Log file open, 06/27/17 17:56:32
LogInit:Display: Running engine for game: RobotGame
LogPlatformFile: Not using cached read wrapper
LogInit:Display: RandInit(1752124179) SRandInit(1752124179).
LogTaskGraph: Started task graph with 5 named threads and 8 total threads with 1 sets of task threads.
LogStats: Stats thread started at 0.091084
LogInit: Using libcurl 7.47.1
LogInit:  - built for x86_64-pc-win32
LogInit:  - supports SSL with OpenSSL/1.0.2g
LogInit:  - supports HTTP deflate (compression) using libz 1.2.8
LogInit:  - other features:
LogInit:      CURL_VERSION_SSL
LogInit:      CURL_VERSION_LIBZ
LogInit:      CURL_VERSION_IPV6
LogInit:      CURL_VERSION_ASYNCHDNS
LogInit:      CURL_VERSION_LARGEFILE
LogInit:      CURL_VERSION_IDN
LogInit:  CurlRequestOptions (configurable via config and command line):
LogInit:  - bVerifyPeer = false  - Libcurl will NOT verify peer certificate
LogInit:  - bUseHttpProxy = false  - Libcurl will NOT use HTTP proxy
LogInit:  - bDontReuseConnections = false  - Libcurl will reuse connections
LogInit:  - CertBundlePath = nullptr  - Libcurl will use whatever was configured at build time.
LogInit: Build: ++UE4+Release-4.16-CL-3466753
LogInit: Engine Version: 4.16.1-3466753+++UE4+Release-4.16
LogInit: Compatible Engine Version: 4.16.0-3452394+++UE4+Release-4.16
LogInit: Net CL: 3452394
LogDevObjectVersion: Number of dev versions registered: 16
LogDevObjectVersion:   Dev-Blueprints (B0D832E4-1F89-4F0D-ACCF-7EB736FD4AA2): 9
LogDevObjectVersion:   Dev-Build (E1C64328-A22C-4D53-A36C-8E866417BD8C): 0
LogDevObjectVersion:   Dev-Core (375EC13C-06E4-48FB-B500-84F0262A717E): 2
LogDevObjectVersion:   Dev-Editor (E4B068ED-F494-42E9-A231-DA0B2E46BB41): 17
LogDevObjectVersion:   Dev-Framework (CFFC743F-43B0-4480-9391-14DF171D2073): 23
LogDevObjectVersion:   Dev-Mobile (B02B49B5-BB20-44E9-A304-32B752E40360): 0
LogDevObjectVersion:   Dev-Networking (A4E4105C-59A1-49B5-A7C5-40C4547EDFEE): 0
LogDevObjectVersion:   Dev-Online (39C831C9-5AE6-47DC-9A44-9C173E1C8E7C): 0
LogDevObjectVersion:   Dev-Physics (78F01B33-EBEA-4F98-B9B4-84EACCB95AA2): 0
LogDevObjectVersion:   Dev-Platform (6631380F-2D4D-43E0-8009-CF276956A95A): 0
LogDevObjectVersion:   Dev-Rendering (12F88B9F-8875-4AFC-A67C-D90C383ABD29): 15
LogDevObjectVersion:   Dev-Sequencer (7B5AE74C-D270-4C10-A958-57980B212A5A): 4
LogDevObjectVersion:   Dev-VR (D7296918-1DD6-4BDD-9DE2-64A83CC13884): 0
LogDevObjectVersion:   Dev-LoadTimes (C2A15278-BFE7-4AFE-6C17-90FF531DF755): 1
LogDevObjectVersion:   Private-Geometry (6EACA3D4-40EC-4CC1-B786-8BED09428FC5): 1
LogDevObjectVersion:   Dev-AnimPhys (29E575DD-E0A3-4627-9D10-D276232CDCEA): 3
LogInit: Compiled (64-bit): May 31 2017 02:03:30
LogInit: Compiled with Visual C++: 19.00.24215.01
LogInit: Build Configuration: Development
LogInit: Branch Name: ++UE4+Release-4.16
LogInit: Command line: -EpicPortal 
LogInit: Base directory: C:/Program Files/Epic Games/UE_4.16/Engine/Binaries/Win64/
LogInit: Installed Engine Build: 1
LogInit: Presizing for max 8388607 objects, including 0 objects not considered by GC, pre-allocating 0 bytes for permanent pool.
LogInit: Object subsystem initialized
[2017.06.27-16.56.33:148][  0]LogInit: Selected Device Profile: [Windows]
[2017.06.27-16.56.33:148][  0]LogInit: Applying CVar settings loaded from the selected device profile: [Windows]
[2017.06.27-16.56.33:154][  0]LogInit: Computer: CLEOPATRA
[2017.06.27-16.56.33:154][  0]LogInit: User: Erinexx
[2017.06.27-16.56.33:154][  0]LogInit: CPU Page size=4096, Cores=4
[2017.06.27-16.56.33:154][  0]LogInit: High frequency timer resolution =3.421874 MHz
[2017.06.27-16.56.33:154][  0]LogMemory: Memory total: Physical=16.0GB (16GB approx)
[2017.06.27-16.56.33:154][  0]LogMemory: Platform Memory Stats for Windows
[2017.06.27-16.56.33:154][  0]LogMemory: Process Physical Memory: 270.26 MB used, 270.26 MB peak
[2017.06.27-16.56.33:154][  0]LogMemory: Process Virtual Memory: 258.73 MB used, 258.73 MB peak
[2017.06.27-16.56.33:154][  0]LogMemory: Physical Memory: 12364.93 MB used,  3968.36 MB free, 16333.29 MB total
[2017.06.27-16.56.33:154][  0]LogMemory: Virtual Memory: 618.04 MB used,  3968.36 MB free, 134217728.00 MB total
[2017.06.27-16.56.33:221][  0]LogInit: Using OS detected language (en-GB).
[2017.06.27-16.56.33:221][  0]LogInit: Using OS detected locale (en-GB).
[2017.06.27-16.56.33:224][  0]LogTextLocalizationManager: No specific localization for 'en-GB' exists, so the 'en' localization will be used.
[2017.06.27-16.56.34:080][  0]LogD3D11RHI: D3D11 adapters:
[2017.06.27-16.56.34:101][  0]LogD3D11RHI:    0. 'NVIDIA GeForce GTX 1070' (Feature Level 11_0)
[2017.06.27-16.56.34:101][  0]LogD3D11RHI:       8053/0/8166 MB DedicatedVideo/DedicatedSystem/SharedSystem, Outputs:1, VendorId:0x10de
[2017.06.27-16.56.34:102][  0]LogD3D11RHI:    1. 'Microsoft Basic Render Driver' (Feature Level 11_0)
[2017.06.27-16.56.34:102][  0]LogD3D11RHI:       0/0/256 MB DedicatedVideo/DedicatedSystem/SharedSystem, Outputs:0, VendorId:0x1414
[2017.06.27-16.56.34:102][  0]LogD3D11RHI: Chosen D3D11 Adapter: 0
[2017.06.27-16.56.34:106][  0]LogD3D11RHI: Creating new Direct3DDevice
[2017.06.27-16.56.34:106][  0]LogD3D11RHI:     GPU DeviceId: 0x1b81 (for the marketing name, search the web for "GPU Device Id")
[2017.06.27-16.56.34:106][  0]LogWindows: EnumDisplayDevices:
[2017.06.27-16.56.34:106][  0]LogWindows:    0. 'NVIDIA GeForce GTX 1070' (P:1 D:1)
[2017.06.27-16.56.34:106][  0]LogWindows:    1. 'NVIDIA GeForce GTX 1070' (P:0 D:0)
[2017.06.27-16.56.34:106][  0]LogWindows:    2. 'NVIDIA GeForce GTX 1070' (P:0 D:0)
[2017.06.27-16.56.34:106][  0]LogWindows:    3. 'NVIDIA GeForce GTX 1070' (P:0 D:0)
[2017.06.27-16.56.34:106][  0]LogWindows: DebugString: FoundDriverCount:4 
[2017.06.27-16.56.34:106][  0]LogD3D11RHI:     Adapter Name: NVIDIA GeForce GTX 1070
[2017.06.27-16.56.34:106][  0]LogD3D11RHI:   Driver Version: 375.70 (internal:21.21.13.7570, unified:375.70)
[2017.06.27-16.56.34:106][  0]LogD3D11RHI:      Driver Date: 10-25-2016
[2017.06.27-16.56.34:106][  0]LogRHI: Texture pool is 1361 MB (70% of 1945 MB)
[2017.06.27-16.56.34:115][  0]LogD3D11RHI: Async texture creation enabled
[2017.06.27-16.56.34:130][  0]LogD3D11RHI: GPU Timing Frequency: 1000.000000 (Debug: 2 2)
[2017.06.27-16.56.34:181][  0]LogShaderCompilers: Guid format shader working directory is -5 characters bigger than the processId version (E:/Users/Erinexx/Documents/Unreal Projects/RobotGame/Intermediate/Shaders/WorkingDirectory/11504/).
[2017.06.27-16.56.34:181][  0]LogShaderCompilers: Cleaned the shader compiler working directory 'C:/Users/Erinexx/AppData/Local/Temp/UnrealShaderWorkingDir/421B600A4E276EAACF1F04BE1EC86031/'.
[2017.06.27-16.56.34:181][  0]LogShaderCompilers:Display: Using Local Shader Compiler.
[2017.06.27-16.56.35:127][  0]LogTemp:Display: Loaded TP AllDesktopTargetPlatform
[2017.06.27-16.56.35:186][  0]LogTemp:Display: Loaded TP MacClientTargetPlatform
[2017.06.27-16.56.35:243][  0]LogTemp:Display: Loaded TP MacNoEditorTargetPlatform
[2017.06.27-16.56.35:299][  0]LogTemp:Display: Loaded TP MacServerTargetPlatform
[2017.06.27-16.56.35:356][  0]LogTemp:Display: Loaded TP MacTargetPlatform
[2017.06.27-16.56.35:418][  0]LogTemp:Display: Loaded TP WindowsClientTargetPlatform
[2017.06.27-16.56.35:474][  0]LogTemp:Display: Loaded TP WindowsNoEditorTargetPlatform
[2017.06.27-16.56.35:531][  0]LogTemp:Display: Loaded TP WindowsServerTargetPlatform
[2017.06.27-16.56.35:578][  0]LogTemp:Display: Loaded TP WindowsTargetPlatform
[2017.06.27-16.56.35:630][  0]LogTemp:Display: Loaded TP AndroidTargetPlatform
[2017.06.27-16.56.35:683][  0]LogTemp:Display: Loaded TP Android_ASTCTargetPlatform
[2017.06.27-16.56.35:737][  0]LogTemp:Display: Loaded TP Android_ATCTargetPlatform
[2017.06.27-16.56.35:788][  0]LogTemp:Display: Loaded TP Android_DXTTargetPlatform
[2017.06.27-16.56.35:839][  0]LogTemp:Display: Loaded TP Android_ETC1TargetPlatform
[2017.06.27-16.56.35:891][  0]LogTemp:Display: Loaded TP Android_ETC2TargetPlatform
[2017.06.27-16.56.35:991][  0]LogTemp:Display: Loaded TP Android_MultiTargetPlatform
[2017.06.27-16.56.35:991][  0]LogTemp:Display: Loaded TP Android_PVRTCTargetPlatform
[2017.06.27-16.56.36:034][  0]LogTemp:Display: Loaded TP HTML5TargetPlatform
[2017.06.27-16.56.36:135][  0]LogTemp:Display: Loaded TP IOSTargetPlatform
[2017.06.27-16.56.36:163][  0]LogTemp:Display: Loaded TP TVOSTargetPlatform
[2017.06.27-16.56.36:215][  0]LogTemp:Display: Loaded TP LinuxClientTargetPlatform
[2017.06.27-16.56.36:269][  0]LogTemp:Display: Loaded TP LinuxNoEditorTargetPlatform
[2017.06.27-16.56.36:322][  0]LogTemp:Display: Loaded TP LinuxServerTargetPlatform
[2017.06.27-16.56.36:372][  0]LogTemp:Display: Loaded TP LinuxTargetPlatform
[2017.06.27-16.56.36:372][  0]LogTargetPlatformManager:Display: Building Assets For Windows
[2017.06.27-16.56.36:871][  0]LogDerivedDataCache:Display: Max Cache Size: 512 MB
[2017.06.27-16.56.36:950][  0]LogDerivedDataCache: Loaded boot cache 0.08s 90MB C:/Users/Erinexx/AppData/Local/UnrealEngine/4.16/DerivedDataCache/Boot.ddc.
[2017.06.27-16.56.36:950][  0]LogDerivedDataCache:Display: Loaded Boot cache: C:/Users/Erinexx/AppData/Local/UnrealEngine/4.16/DerivedDataCache/Boot.ddc
[2017.06.27-16.56.36:950][  0]LogDerivedDataCache: FDerivedDataBackendGraph:  Pak pak cache file E:/Users/Erinexx/Documents/Unreal Projects/RobotGame/DerivedDataCache/DDC.ddp not found, will not use a pak cache.
[2017.06.27-16.56.36:950][  0]LogDerivedDataCache: Unable to find inner node Pak for hierarchical cache Hierarchy.
[2017.06.27-16.56.36:950][  0]LogDerivedDataCache: FDerivedDataBackendGraph:  CompressedPak pak cache file E:/Users/Erinexx/Documents/Unreal Projects/RobotGame/DerivedDataCache/Compressed.ddp not found, will not use a pak cache.
[2017.06.27-16.56.36:950][  0]LogDerivedDataCache: Unable to find inner node CompressedPak for hierarchical cache Hierarchy.
[2017.06.27-16.56.36:968][  0]LogDerivedDataCache:Display: Pak cache opened for reading ../../../Engine/DerivedDataCache/Compressed.ddp.
[2017.06.27-16.56.36:980][  0]LogDerivedDataCache: Using Local data cache path C:/Users/Erinexx/AppData/Local/UnrealEngine/Common/DerivedDataCache: Writable
[2017.06.27-16.56.36:989][  0]LogMaterial: Verifying Global Shaders for PCD3D_SM5
[2017.06.27-16.56.36:989][  0]LogSlate: Using Freetype 2.6.0
[2017.06.27-16.56.36:990][  0]LogSlate: SlateFontCache - WITH_FREETYPE: 1, WITH_HARFBUZZ: 1
[2017.06.27-16.56.36:990][  0]LogSlate: SlateFontCache - WITH_FREETYPE: 1, WITH_HARFBUZZ: 1
[2017.06.27-16.56.37:335][  0]LogInit: Selected Device Profile: [Windows]
[2017.06.27-16.56.37:406][  0]LogContentStreaming: Texture pool size is 0.00 MB
[2017.06.27-16.56.37:569][  0]LogMeshUtilities: Using QuadricMeshReduction for automatic static mesh reduction
[2017.06.27-16.56.37:618][  0]LogSimplygon: Simplygon DLL not present - disabling.
[2017.06.27-16.56.37:673][  0]LogMeshUtilities: Using SimplygonSwarm for distributed automatic mesh merging
[2017.06.27-16.56.37:673][  0]LogMeshUtilities: No automatic skeletal mesh reduction module available
[2017.06.27-16.56.37:673][  0]LogMeshUtilities: No automatic mesh merging module available
[2017.06.27-16.56.38:253][  0]LogNetVersion: RobotGame , NetCL: 3452394, EngineNetVer: 2, GameNetVer: 0 (Checksum: 25865284)
[2017.06.27-16.56.38:313][  0]LogAssetRegistry: FAssetRegistry took 0.0255 seconds to start up
[2017.06.27-16.56.38:357][  0]LogPackageLocalizationCache: Processed 4 localized package path(s) for 2 prioritized culture(s) in 0.022015 seconds
[2017.06.27-16.56.38:361][  0]LogUObjectArray: 34194 objects as part of root set at end of initial load.
[2017.06.27-16.56.38:361][  0]LogUObjectAllocator: 7260424 out of 0 bytes used by permanent object pool.
[2017.06.27-16.56.38:361][  0]LogUObjectArray: CloseDisregardForGC: 0/0 objects in disregard for GC pool
[2017.06.27-16.56.38:423][  0]LogInit: WinSock: version 1.1 (2.2), MaxSocks=32767, MaxUdp=65467
[2017.06.27-16.56.40:899][  0]LogTcpMessaging: Initializing TcpMessaging bridge
[2017.06.27-16.56.40:950][  0]LogUdpMessaging: Initializing bridge on interface 0.0.0.0:0 to multicast group 230.0.0.1:6666.
[2017.06.27-16.56.41:559][  0]LogMaterial: Uniform references updated for custom material expression Custom.
[2017.06.27-16.56.42:004][  0]SourceControl: Info Source control is disabled
[2017.06.27-16.56.42:050][  0]SourceControl: Info Source control is disabled
[2017.06.27-16.56.42:107][  0]SourceControl: Info Source control is disabled
[2017.06.27-16.56.42:165][  0]SourceControl: Info Source control is disabled
[2017.06.27-16.56.42:929][  0]LogAndroidPermission: UAndroidPermissionCallbackProxy::GetInstance
[2017.06.27-16.56.43:643][  0]LogEngine: Initializing Engine...
[2017.06.27-16.56.45:900][  0]LogHMD: SteamVR initialized.  Driver: lighthouse  Display: LHR-7C987E5D
[2017.06.27-16.56.46:134][  0]LogStats: UGameplayTagsManager::ConstructGameplayTagTree: Construct from data asset -  0.000 s
[2017.06.27-16.56.46:134][  0]LogStats: UGameplayTagsManager::ConstructGameplayTagTree: GameplayTagTreeChangedEvent.Broadcast -  0.000 s
[2017.06.27-16.56.46:295][  0]LogAIModule: Creating AISystem for world Untitled
[2017.06.27-16.56.46:322][  0]LogInit: XAudio2 using 'Speakers (High Definition Audio Device)' : 2 channels at 44.1 kHz using 16 bits per sample (channel mask 0x3)
[2017.06.27-16.56.46:328][  0]LogInit: FAudioDevice initialized.
[2017.06.27-16.56.46:360][  0]LogDerivedDataCache: Saved boot cache 0.03s 90MB C:/Users/Erinexx/AppData/Local/UnrealEngine/4.16/DerivedDataCache/Boot.ddc.
[2017.06.27-16.56.46:369][  0]LogInit: Texture streaming: Enabled
[2017.06.27-16.56.46:459][  0]LogEngineSessionManager: EngineSessionManager initialized
[2017.06.27-16.56.46:700][  0]LogInit: Transaction tracking system initialized
[2017.06.27-16.56.47:068][  0]BlueprintLog: New page: Editor Load
[2017.06.27-16.56.48:204][  0]LocalizationService: Info Localization service is disabled
[2017.06.27-16.56.48:994][  0]LogConsoleResponse:Display: 
[2017.06.27-16.56.49:174][  0]LogCook:Display: Max memory allowance for cook 16384mb min free memory 0mb
[2017.06.27-16.56.49:174][  0]LogCook:Display: Mobile HDR setting 1
[2017.06.27-16.56.49:359][  0]LogFileCache: Scanning file cache for directory 'E:/Users/Erinexx/Documents/Unreal Projects/RobotGame/Content/' took 0.01s
[2017.06.27-16.56.50:395][  0]SourceControl: Info Source control is disabled
[2017.06.27-16.56.50:395][  0]Cmd: MAP LOAD FILE="E:/Users/Erinexx/Documents/Unreal Projects/RobotGame/Content/TwinStickBP/Maps/TwinStickExampleMap.umap" TEMPLATE=0 SHOWPROGRESS=1 FEATURELEVEL=3
[2017.06.27-16.56.50:396][  0]LightingResults: New page: Lighting Build
[2017.06.27-16.56.50:446][  0]MapCheck: New page: Map Check
[2017.06.27-16.56.50:446][  0]LightingResults: New page: Lighting Build
[2017.06.27-16.56.50:748][  0]LogAIModule: Creating AISystem for world TwinStickExampleMap
[2017.06.27-16.56.50:757][  0]LogEditorServer: Finished looking for orphan Actors (0.000 secs)
[2017.06.27-16.56.50:771][  0]Cmd: MAP CHECKDEP NOCLEARLOG
[2017.06.27-16.56.50:862][  0]MapCheck: Info Map check complete: 0 Error(s), 0 Warning(s), took 89.869ms to complete.
[2017.06.27-16.56.50:862][  0]LogFileHelpers: Loading map 'TwinStickExampleMap' took 0.466
[2017.06.27-16.56.50:925][  0]LogWindowsTextInputMethodSystem:Display: IME system now deactivated.
[2017.06.27-16.56.51:015][  0]LogCollectionManager: Loaded 0 collections in 0.001641 seconds
[2017.06.27-16.56.51:105][  0]LogFileCache: Scanning file cache for directory 'E:/Users/Erinexx/Documents/Unreal Projects/RobotGame/Saved/Collections/' took 0.01s
[2017.06.27-16.56.51:105][  0]LogFileCache: Scanning file cache for directory 'E:/Users/Erinexx/Documents/Unreal Projects/RobotGame/Content/Developers/Erinexx/Collections/' took 0.01s
[2017.06.27-16.56.51:105][  0]LogFileCache: Scanning file cache for directory 'E:/Users/Erinexx/Documents/Unreal Projects/RobotGame/Content/Collections/' took 0.01s
[2017.06.27-16.56.51:105][  0]LogCollectionManager: Rebuilt the GUID cache for 0 collections in 0.000001 seconds
[2017.06.27-16.56.51:114][  0]LogContentBrowser: Native class hierarchy populated in 0.0088 seconds. Added 2329 classes and 491 folders.
[2017.06.27-16.56.51:184][  0]LogContentBrowser: Native class hierarchy updated for 'WidgetCarousel' in 0.0004 seconds. Added 0 classes and 0 folders.
[2017.06.27-16.56.51:237][  0]LogContentBrowser: Native class hierarchy updated for 'AddContentDialog' in 0.0005 seconds. Added 0 classes and 0 folders.
[2017.06.27-16.56.51:303][  0]LogContentBrowser: Native class hierarchy updated for 'SceneOutliner' in 0.0005 seconds. Added 1 classes and 2 folders.
[2017.06.27-16.56.51:445][  0]LogCrashTracker: Crashtracker disabled due to settings.
[2017.06.27-16.56.51:449][  0]LogSlate: Took 0.000211 seconds to synchronously load lazily loaded font '../../../Engine/Content/Slate/Fonts/Roboto-Regular.ttf' (155K)
[2017.06.27-16.56.51:451][  0]LogSlate: Took 0.000178 seconds to synchronously load lazily loaded font '../../../Engine/Content/Slate/Fonts/Roboto-Bold.ttf' (160K)
[2017.06.27-16.56.51:459][  0]LogSlate: Took 0.001216 seconds to synchronously load lazily loaded font '../../../Engine/Content/Editor/Slate/Fonts/FontAwesome.ttf' (139K)
[2017.06.27-16.56.51:551][  0]LogRenderer: Reallocating scene render targets to support 1208x576 NumSamples 1 (Frame:1).
[2017.06.27-16.56.51:683][  0]LogUObjectGlobals:Warning: Failed to find object 'Class None.'
[2017.06.27-16.56.51:752][  0]LogContentBrowser: Native class hierarchy updated for 'HierarchicalLODOutliner' in 0.0005 seconds. Added 1 classes and 2 folders.
[2017.06.27-16.56.51:752][  0]LogLoad: (Engine Initialization) Total time: 20.19 seconds
[2017.06.27-16.56.51:752][  0]LogLoad: (Engine Initialization) Total Blueprint compile time: 0.12 seconds
[2017.06.27-16.56.51:752][  0]LogExternalProfiler: Found external profiler: VSPerf
[2017.06.27-16.56.51:752][  0]LogExternalProfiler: Using external profiler: VSPerf
[2017.06.27-16.56.51:761][  0]LogOcInput: OculusInput pre-init called
[2017.06.27-16.56.51:761][  0]LogHMD: Starting GearVRController plugin
[2017.06.27-16.56.51:778][  0]LogAssetRegistry: Asset discovery search completed in 13.4876 seconds
[2017.06.27-16.56.51:779][  0]LogCollectionManager: Rebuilt the object cache for 0 collections in 0.000000 seconds (found 0 objects)
[2017.06.27-16.56.51:779][  0]LogCollectionManager: Fixed up redirectors for 0 collections in 0.000048 seconds (updated 0 objects)
[2017.06.27-16.56.51:780][  0]LogContentStreaming: Texture pool size now 1000 MB
[2017.06.27-16.56.51:801][  0]LogSlate: Took 0.000169 seconds to synchronously load lazily loaded font '../../../Engine/Content/Slate/Fonts/Roboto-Light.ttf' (159K)
[2017.06.27-16.56.57:673][459]LogTemp: Repeting last play command: Selected Viewport
[2017.06.27-16.56.57:685][459]LogBlueprintUserMessages: Early PlayInEditor Detection: Level '/Game/TwinStickBP/Maps/TwinStickExampleMap.TwinStickExampleMap:PersistentLevel' has LevelScriptBlueprint '/Game/TwinStickBP/Maps/TwinStickExampleMap.TwinStickExampleMap:PersistentLevel.TwinStickExampleMap' with GeneratedClass '/Game/TwinStickBP/Maps/TwinStickExampleMap.TwinStickExampleMap_C' with ClassGeneratedBy '/Game/TwinStickBP/Maps/TwinStickExampleMap.TwinStickExampleMap:PersistentLevel.TwinStickExampleMap'
[2017.06.27-16.56.57:685][459]LogPlayLevel: PlayLevel: No blueprints needed recompiling
[2017.06.27-16.56.57:686][459]PIE: New page: PIE session: TwinStickExampleMap (27 Jun 2017 18:56:57)
[2017.06.27-16.56.57:686][459]LogPlayLevel: Creating play world package: /Game/TwinStickBP/Maps/UEDPIE_0_TwinStickExampleMap
[2017.06.27-16.56.57:691][459]LogPlayLevel: PIE: StaticDuplicateObject took: (0.005454s)
[2017.06.27-16.56.57:692][459]LogAIModule: Creating AISystem for world TwinStickExampleMap
[2017.06.27-16.56.57:692][459]LogPlayLevel: PIE: World Init took: (0.000519s)
[2017.06.27-16.56.57:692][459]LogPlayLevel: PIE: Created PIE world by copying editor world from /Game/TwinStickBP/Maps/TwinStickExampleMap.TwinStickExampleMap to /Game/TwinStickBP/Maps/UEDPIE_0_TwinStickExampleMap.TwinStickExampleMap (0.006389s)
[2017.06.27-16.56.57:719][459]LogInit: XAudio2 using 'Speakers (High Definition Audio Device)' : 2 channels at 44.1 kHz using 16 bits per sample (channel mask 0x3)
[2017.06.27-16.56.57:727][459]LogInit: FAudioDevice initialized.
[2017.06.27-16.56.57:771][459]LogLoad: Game class is 'TwinStickGameMode_C'
[2017.06.27-16.56.57:776][459]LogWorld: Bringing World /Game/TwinStickBP/Maps/UEDPIE_0_TwinStickExampleMap.TwinStickExampleMap up for play (max tick rate 0) at 2017.06.27-17.56.57
[2017.06.27-16.56.57:776][459]LogWorld: Bringing up level for play took: 0.001847
[2017.06.27-16.56.57:821][459]LogContentBrowser: Native class hierarchy updated for 'MovieSceneCapture' in 0.0005 seconds. Added 11 classes and 0 folders.
[2017.06.27-16.56.57:822][459]PIE: Info Play in editor start time for /Game/TwinStickBP/Maps/UEDPIE_0_TwinStickExampleMap -0.247
[2017.06.27-16.56.57:822][459]LogBlueprintUserMessages: Late PlayInEditor Detection: Level '/Game/TwinStickBP/Maps/TwinStickExampleMap.TwinStickExampleMap:PersistentLevel' has LevelScriptBlueprint '/Game/TwinStickBP/Maps/TwinStickExampleMap.TwinStickExampleMap:PersistentLevel.TwinStickExampleMap' with GeneratedClass '/Game/TwinStickBP/Maps/TwinStickExampleMap.TwinStickExampleMap_C' with ClassGeneratedBy '/Game/TwinStickBP/Maps/TwinStickExampleMap.TwinStickExampleMap:PersistentLevel.TwinStickExampleMap'
[2017.06.27-16.56.57:853][460]LogRenderer: Reallocating scene render targets to support 1692x804 NumSamples 1 (Frame:1).
[2017.06.27-16.57.15:600][584]Cmd: LevelEditor.ToggleImmersive
[2017.06.27-16.57.15:730][585]LogRenderer: Reallocating scene render targets to support 1952x976 NumSamples 1 (Frame:2127).
[2017.06.27-16.57.15:773][586]LogRenderer: Reallocating scene render targets to support 2688x1456 NumSamples 1 (Frame:2129).
[2017.06.27-16.57.43:684][925]Cmd: LevelEditor.ToggleImmersive
[2017.06.27-16.57.44:140][960]LogBlueprintUserMessages: Early EndPlayMap Detection: Level '/Game/TwinStickBP/Maps/TwinStickExampleMap.TwinStickExampleMap:PersistentLevel' has LevelScriptBlueprint '/Game/TwinStickBP/Maps/TwinStickExampleMap.TwinStickExampleMap:PersistentLevel.TwinStickExampleMap' with GeneratedClass '/Game/TwinStickBP/Maps/TwinStickExampleMap.TwinStickExampleMap_C' with ClassGeneratedBy '/Game/TwinStickBP/Maps/TwinStickExampleMap.TwinStickExampleMap:PersistentLevel.TwinStickExampleMap'
[2017.06.27-16.57.44:168][960]LogBlueprintUserMessages: Late EndPlayMap Detection: Level '/Game/TwinStickBP/Maps/TwinStickExampleMap.TwinStickExampleMap:PersistentLevel' has LevelScriptBlueprint '/Game/TwinStickBP/Maps/TwinStickExampleMap.TwinStickExampleMap:PersistentLevel.TwinStickExampleMap' with GeneratedClass '/Game/TwinStickBP/Maps/TwinStickExampleMap.TwinStickExampleMap_C' with ClassGeneratedBy '/Game/TwinStickBP/Maps/TwinStickExampleMap.TwinStickExampleMap:PersistentLevel.TwinStickExampleMap'
[2017.06.27-16.58.01:365][982]LogEditorViewport: Clicking on Actor (LMB): StaticMeshActor (TemplateCube_Rounded_5)
[2017.06.27-16.58.08:776][839]LogSlate: Took 0.001469 seconds to synchronously load lazily loaded font '../../../Engine/Content/Editor/Slate/Fonts/Roboto-Italic.ttf' (157K)
[2017.06.27-16.58.10:187][  6]Cmd: SELECT NONE
[2017.06.27-16.58.14:809][551]LogActorFactory: Actor Factory created 1M_Cube_Chamfer
[2017.06.27-16.58.14:980][571]LogActorFactory: Actor Factory created 1M_Cube_Chamfer
[2017.06.27-16.58.15:816][666]Cmd: DELETE
[2017.06.27-16.58.15:816][666]Cmd: ACTOR DELETE
[2017.06.27-16.58.15:818][666]LogEditorActor: Deleted Actor: StaticMeshActor
[2017.06.27-16.58.15:824][666]LogEditorActor: Deleted 1 Actors (0.007 secs)
[2017.06.27-16.58.18:979][ 42]LogActorFactory: Actor Factory created TemplateFloor
[2017.06.27-16.58.19:324][ 83]LogActorFactory: Actor Factory created TemplateFloor
[2017.06.27-16.58.20:984][276]Cmd: DELETE
[2017.06.27-16.58.20:984][276]Cmd: ACTOR DELETE
[2017.06.27-16.58.20:985][276]LogEditorActor: Deleted Actor: StaticMeshActor
[2017.06.27-16.58.20:991][276]LogEditorActor: Deleted 1 Actors (0.007 secs)
[2017.06.27-16.58.45:875][764]LogSlate: Took 0.000149 seconds to synchronously load lazily loaded font '../../../Engine/Content/Slate/Fonts/Roboto-Light.ttf' (159K)
[2017.06.27-16.59.26:312][419]LogMaterial: Missing cached shader map for material BaseMaterial, compiling. 
[2017.06.27-16.59.26:404][419]LogMaterial: Missing cached shader map for material BaseMaterial, compiling. 
[2017.06.27-16.59.26:457][419]LogMaterial: Missing cached shader map for material FMatExpressionPreview MaterialExpressionVectorParameter_0, compiling. 
[2017.06.27-16.59.26:466][419]LogSlate: Took 0.001404 seconds to synchronously load lazily loaded font '../../../Engine/Content/Editor/Slate/Fonts/Roboto-BoldCondensed.ttf' (158K)
[2017.06.27-16.59.36:672][491]MaterialEditorStats: Info Base pass shader: 86 instructions
[2017.06.27-16.59.36:672][491]MaterialEditorStats: Info Vertex shader: 29 instructions
[2017.06.27-16.59.36:672][491]MaterialEditorStats: Info Texture samplers: 3/16
[2017.06.27-17.04.24:434][244]LogFactory: FactoryCreateFile: SoundWave with ReimportSoundFactory (0 0 E:\Users\Erinexx\Documents\Unreal Projects\RobotGame\Assets\sound\weapons\mg_loop.wav)
[2017.06.27-17.04.24:436][244]LogAudioDerivedData:Display: Building compressed audio format OGG wave mg_loop...
[2017.06.27-17.04.24:458][244]LogAudioDerivedData:Warning: Updated SoundWave->RawPCMDataSize during cooking SoundWave /Game/TwinStick/Audio/mg_loop.mg_loop.
[2017.06.27-17.04.35:418][320]LogContentBrowser: Native class hierarchy updated for 'BlueprintGraph' in 0.0010 seconds. Added 112 classes and 0 folders.
[2017.06.27-17.04.35:934][320]LogSlate: Took 0.000143 seconds to synchronously load lazily loaded font '../../../Engine/Content/Slate/Fonts/Roboto-Regular.ttf' (155K)
[2017.06.27-17.06.03:507][659]LogEditorTransaction: Undo Delete current selection
[2017.06.27-17.06.03:533][659]LogSlate: Took 0.000219 seconds to synchronously load lazily loaded font '../../../Engine/Content/Slate/Fonts/Roboto-Light.ttf' (159K)
[2017.06.27-17.06.04:291][718]BlueprintLog: New page: Compile TwinStickPawn
[2017.06.27-17.06.56:986][736]BlueprintLog: New page: Compile TwinStickPawn
[2017.06.27-17.06.57:401][767]Cmd: OBJ SAVEPACKAGE PACKAGE="/Game/TwinStickBP/Blueprints/TwinStickPawn" FILE="E:/Users/Erinexx/Documents/Unreal Projects/RobotGame/Content/TwinStickBP/Blueprints/TwinStickPawn.uasset" SILENT=true
[2017.06.27-17.06.57:491][767]LogSavePackage: Save=88.20ms
[2017.06.27-17.06.57:491][767]LogSavePackage: Moving 'E:/Users/Erinexx/Documents/Unreal Projects/RobotGame/Saved/TwinStickPawn7A528ACE489C61CE5CE0B9B0A12CF75C.tmp' to 'E:/Users/Erinexx/Documents/Unreal Projects/RobotGame/Content/TwinStickBP/Blueprints/TwinStickPawn.uasset'
[2017.06.27-17.06.57:493][767]LogSavePackage:Display: Finished SavePackage E:/Users/Erinexx/Documents/Unreal Projects/RobotGame/Content/TwinStickBP/Blueprints/TwinStickPawn.uasset
[2017.06.27-17.07.00:073][ 63]LogTemp: Repeting last play command: Selected Viewport
[2017.06.27-17.07.00:081][ 63]LogBlueprintUserMessages: Early PlayInEditor Detection: Level '/Game/TwinStickBP/Maps/TwinStickExampleMap.TwinStickExampleMap:PersistentLevel' has LevelScriptBlueprint '/Game/TwinStickBP/Maps/TwinStickExampleMap.TwinStickExampleMap:PersistentLevel.TwinStickExampleMap' with GeneratedClass '/Game/TwinStickBP/Maps/TwinStickExampleMap.TwinStickExampleMap_C' with ClassGeneratedBy '/Game/TwinStickBP/Maps/TwinStickExampleMap.TwinStickExampleMap:PersistentLevel.TwinStickExampleMap'
[2017.06.27-17.07.00:081][ 63]LogPlayLevel: PlayLevel: No blueprints needed recompiling
[2017.06.27-17.07.00:082][ 63]PIE: New page: PIE session: TwinStickExampleMap (27 Jun 2017 19:07:00)
[2017.06.27-17.07.00:082][ 63]LogPlayLevel: Creating play world package: /Game/TwinStickBP/Maps/UEDPIE_0_TwinStickExampleMap
[2017.06.27-17.07.00:086][ 63]LogPlayLevel: PIE: StaticDuplicateObject took: (0.004698s)
[2017.06.27-17.07.00:087][ 63]LogAIModule: Creating AISystem for world TwinStickExampleMap
[2017.06.27-17.07.00:087][ 63]LogPlayLevel: PIE: World Init took: (0.000613s)
[2017.06.27-17.07.00:087][ 63]LogPlayLevel: PIE: Created PIE world by copying editor world from /Game/TwinStickBP/Maps/TwinStickExampleMap.TwinStickExampleMap to /Game/TwinStickBP/Maps/UEDPIE_0_TwinStickExampleMap.TwinStickExampleMap (0.005471s)
[2017.06.27-17.07.00:121][ 63]LogInit: XAudio2 using 'Speakers (High Definition Audio Device)' : 2 channels at 44.1 kHz using 16 bits per sample (channel mask 0x3)
[2017.06.27-17.07.00:129][ 63]LogInit: FAudioDevice initialized.
[2017.06.27-17.07.00:163][ 63]LogLoad: Game class is 'TwinStickGameMode_C'
[2017.06.27-17.07.00:165][ 63]LogWorld: Bringing World /Game/TwinStickBP/Maps/UEDPIE_0_TwinStickExampleMap.TwinStickExampleMap up for play (max tick rate 0) at 2017.06.27-18.07.00
[2017.06.27-17.07.00:166][ 63]LogWorld: Bringing up level for play took: 0.001255
[2017.06.27-17.07.00:167][ 63]PIE: Info Play in editor start time for /Game/TwinStickBP/Maps/UEDPIE_0_TwinStickExampleMap 0.098
[2017.06.27-17.07.00:167][ 63]LogBlueprintUserMessages: Late PlayInEditor Detection: Level '/Game/TwinStickBP/Maps/TwinStickExampleMap.TwinStickExampleMap:PersistentLevel' has LevelScriptBlueprint '/Game/TwinStickBP/Maps/TwinStickExampleMap.TwinStickExampleMap:PersistentLevel.TwinStickExampleMap' with GeneratedClass '/Game/TwinStickBP/Maps/TwinStickExampleMap.TwinStickExampleMap_C' with ClassGeneratedBy '/Game/TwinStickBP/Maps/TwinStickExampleMap.TwinStickExampleMap:PersistentLevel.TwinStickExampleMap'
[2017.06.27-17.07.16:578][ 29]LogBlueprintUserMessages: Early EndPlayMap Detection: Level '/Game/TwinStickBP/Maps/TwinStickExampleMap.TwinStickExampleMap:PersistentLevel' has LevelScriptBlueprint '/Game/TwinStickBP/Maps/TwinStickExampleMap.TwinStickExampleMap:PersistentLevel.TwinStickExampleMap' with GeneratedClass '/Game/TwinStickBP/Maps/TwinStickExampleMap.TwinStickExampleMap_C' with ClassGeneratedBy '/Game/TwinStickBP/Maps/TwinStickExampleMap.TwinStickExampleMap:PersistentLevel.TwinStickExampleMap'
[2017.06.27-17.07.16:609][ 29]LogBlueprintUserMessages: Late EndPlayMap Detection: Level '/Game/TwinStickBP/Maps/TwinStickExampleMap.TwinStickExampleMap:PersistentLevel' has LevelScriptBlueprint '/Game/TwinStickBP/Maps/TwinStickExampleMap.TwinStickExampleMap:PersistentLevel.TwinStickExampleMap' with GeneratedClass '/Game/TwinStickBP/Maps/TwinStickExampleMap.TwinStickExampleMap_C' with ClassGeneratedBy '/Game/TwinStickBP/Maps/TwinStickExampleMap.TwinStickExampleMap:PersistentLevel.TwinStickExampleMap'
[2017.06.27-17.07.55:876][ 67]LogSlate: Only BGRA pngs, bmps or icos are supported in by External Image Picker
[2017.06.27-17.07.55:919][ 68]LogTemp: Executing iPhonePackager certificates Engine -bundlename com.YourCompany.RobotGame
[2017.06.27-17.07.55:919][ 68]LogTemp: CWD: C:\Program Files\Epic Games\UE_4.16\Engine\Binaries\DotNET\IOS
[2017.06.27-17.07.55:919][ 68]LogTemp: Initial Dir: C:\Program Files\Epic Games\UE_4.16
[2017.06.27-17.07.55:919][ 68]LogTemp: Env CWD: C:\Program Files\Epic Games\UE_4.16\Engine\Binaries\DotNET\IOS
[2017.06.27-17.07.55:930][ 69]LogTemp: BranchPath = CLEOPATRA/C/Program Files/Epic Games/UE_4.16/Engine/Binaries --- GameBranchPath = CLEOPATRA/C/Program Files/Epic Games/UE_4.16/Engine/Binaries
[2017.06.27-17.07.55:946][ 69]LogTemp: IPP ERROR: Could not find provision directory 'C:\Users\Erinexx\AppData\Local/Apple Computer/MobileDevice/Provisioning Profiles/'.
[2017.06.27-17.08.32:957][440]LogTemp: Repeting last play command: Selected Viewport
[2017.06.27-17.08.32:963][440]LogBlueprintUserMessages: Early PlayInEditor Detection: Level '/Game/TwinStickBP/Maps/TwinStickExampleMap.TwinStickExampleMap:PersistentLevel' has LevelScriptBlueprint '/Game/TwinStickBP/Maps/TwinStickExampleMap.TwinStickExampleMap:PersistentLevel.TwinStickExampleMap' with GeneratedClass '/Game/TwinStickBP/Maps/TwinStickExampleMap.TwinStickExampleMap_C' with ClassGeneratedBy '/Game/TwinStickBP/Maps/TwinStickExampleMap.TwinStickExampleMap:PersistentLevel.TwinStickExampleMap'
[2017.06.27-17.08.32:963][440]LogPlayLevel: PlayLevel: No blueprints needed recompiling
[2017.06.27-17.08.32:964][440]PIE: New page: PIE session: TwinStickExampleMap (27 Jun 2017 19:08:32)
[2017.06.27-17.08.32:964][440]LogPlayLevel: Creating play world package: /Game/TwinStickBP/Maps/UEDPIE_0_TwinStickExampleMap
[2017.06.27-17.08.32:968][440]LogPlayLevel: PIE: StaticDuplicateObject took: (0.004091s)
[2017.06.27-17.08.32:968][440]LogAIModule: Creating AISystem for world TwinStickExampleMap
[2017.06.27-17.08.32:968][440]LogPlayLevel: PIE: World Init took: (0.000492s)
[2017.06.27-17.08.32:968][440]LogPlayLevel: PIE: Created PIE world by copying editor world from /Game/TwinStickBP/Maps/TwinStickExampleMap.TwinStickExampleMap to /Game/TwinStickBP/Maps/UEDPIE_0_TwinStickExampleMap.TwinStickExampleMap (0.004762s)
[2017.06.27-17.08.32:998][440]LogInit: XAudio2 using 'Speakers (High Definition Audio Device)' : 2 channels at 44.1 kHz using 16 bits per sample (channel mask 0x3)
[2017.06.27-17.08.33:006][440]LogInit: FAudioDevice initialized.
[2017.06.27-17.08.33:038][440]LogLoad: Game class is 'TwinStickGameMode_C'
[2017.06.27-17.08.33:040][440]LogWorld: Bringing World /Game/TwinStickBP/Maps/UEDPIE_0_TwinStickExampleMap.TwinStickExampleMap up for play (max tick rate 0) at 2017.06.27-18.08.33
[2017.06.27-17.08.33:040][440]LogWorld: Bringing up level for play took: 0.001192
[2017.06.27-17.08.33:040][440]PIE: Info Play in editor start time for /Game/TwinStickBP/Maps/UEDPIE_0_TwinStickExampleMap 0.972
[2017.06.27-17.08.33:041][440]LogBlueprintUserMessages: Late PlayInEditor Detection: Level '/Game/TwinStickBP/Maps/TwinStickExampleMap.TwinStickExampleMap:PersistentLevel' has LevelScriptBlueprint '/Game/TwinStickBP/Maps/TwinStickExampleMap.TwinStickExampleMap:PersistentLevel.TwinStickExampleMap' with GeneratedClass '/Game/TwinStickBP/Maps/TwinStickExampleMap.TwinStickExampleMap_C' with ClassGeneratedBy '/Game/TwinStickBP/Maps/TwinStickExampleMap.TwinStickExampleMap:PersistentLevel.TwinStickExampleMap'
[2017.06.27-17.08.34:461][607]LogBlueprintUserMessages: Early EndPlayMap Detection: Level '/Game/TwinStickBP/Maps/TwinStickExampleMap.TwinStickExampleMap:PersistentLevel' has LevelScriptBlueprint '/Game/TwinStickBP/Maps/TwinStickExampleMap.TwinStickExampleMap:PersistentLevel.TwinStickExampleMap' with GeneratedClass '/Game/TwinStickBP/Maps/TwinStickExampleMap.TwinStickExampleMap_C' with ClassGeneratedBy '/Game/TwinStickBP/Maps/TwinStickExampleMap.TwinStickExampleMap:PersistentLevel.TwinStickExampleMap'
[2017.06.27-17.08.34:499][607]LogBlueprintUserMessages: Late EndPlayMap Detection: Level '/Game/TwinStickBP/Maps/TwinStickExampleMap.TwinStickExampleMap:PersistentLevel' has LevelScriptBlueprint '/Game/TwinStickBP/Maps/TwinStickExampleMap.TwinStickExampleMap:PersistentLevel.TwinStickExampleMap' with GeneratedClass '/Game/TwinStickBP/Maps/TwinStickExampleMap.TwinStickExampleMap_C' with ClassGeneratedBy '/Game/TwinStickBP/Maps/TwinStickExampleMap.TwinStickExampleMap:PersistentLevel.TwinStickExampleMap'
[2017.06.27-17.08.35:995][769]LogTemp: Repeting last play command: Selected Viewport
[2017.06.27-17.08.36:002][769]LogBlueprintUserMessages: Early PlayInEditor Detection: Level '/Game/TwinStickBP/Maps/TwinStickExampleMap.TwinStickExampleMap:PersistentLevel' has LevelScriptBlueprint '/Game/TwinStickBP/Maps/TwinStickExampleMap.TwinStickExampleMap:PersistentLevel.TwinStickExampleMap' with GeneratedClass '/Game/TwinStickBP/Maps/TwinStickExampleMap.TwinStickExampleMap_C' with ClassGeneratedBy '/Game/TwinStickBP/Maps/TwinStickExampleMap.TwinStickExampleMap:PersistentLevel.TwinStickExampleMap'
[2017.06.27-17.08.36:002][769]LogPlayLevel: PlayLevel: No blueprints needed recompiling
[2017.06.27-17.08.36:002][769]PIE: New page: PIE session: TwinStickExampleMap (27 Jun 2017 19:08:36)
[2017.06.27-17.08.36:002][769]LogPlayLevel: Creating play world package: /Game/TwinStickBP/Maps/UEDPIE_0_TwinStickExampleMap
[2017.06.27-17.08.36:006][769]LogPlayLevel: PIE: StaticDuplicateObject took: (0.003692s)
[2017.06.27-17.08.36:006][769]LogAIModule: Creating AISystem for world TwinStickExampleMap
[2017.06.27-17.08.36:007][769]LogPlayLevel: PIE: World Init took: (0.000508s)
[2017.06.27-17.08.36:007][769]LogPlayLevel: PIE: Created PIE world by copying editor world from /Game/TwinStickBP/Maps/TwinStickExampleMap.TwinStickExampleMap to /Game/TwinStickBP/Maps/UEDPIE_0_TwinStickExampleMap.TwinStickExampleMap (0.004339s)
[2017.06.27-17.08.36:036][769]LogInit: XAudio2 using 'Speakers (High Definition Audio Device)' : 2 channels at 44.1 kHz using 16 bits per sample (channel mask 0x3)
[2017.06.27-17.08.36:044][769]LogInit: FAudioDevice initialized.
[2017.06.27-17.08.36:074][769]LogLoad: Game class is 'TwinStickGameMode_C'
[2017.06.27-17.08.36:077][769]LogWorld: Bringing World /Game/TwinStickBP/Maps/UEDPIE_0_TwinStickExampleMap.TwinStickExampleMap up for play (max tick rate 0) at 2017.06.27-18.08.36
[2017.06.27-17.08.36:077][769]LogWorld: Bringing up level for play took: 0.001264
[2017.06.27-17.08.36:078][769]PIE: Info Play in editor start time for /Game/TwinStickBP/Maps/UEDPIE_0_TwinStickExampleMap 0.009
[2017.06.27-17.08.36:078][769]LogBlueprintUserMessages: Late PlayInEditor Detection: Level '/Game/TwinStickBP/Maps/TwinStickExampleMap.TwinStickExampleMap:PersistentLevel' has LevelScriptBlueprint '/Game/TwinStickBP/Maps/TwinStickExampleMap.TwinStickExampleMap:PersistentLevel.TwinStickExampleMap' with GeneratedClass '/Game/TwinStickBP/Maps/TwinStickExampleMap.TwinStickExampleMap_C' with ClassGeneratedBy '/Game/TwinStickBP/Maps/TwinStickExampleMap.TwinStickExampleMap:PersistentLevel.TwinStickExampleMap'
[2017.06.27-17.09.13:270][228]LogBlueprintUserMessages: Early EndPlayMap Detection: Level '/Game/TwinStickBP/Maps/TwinStickExampleMap.TwinStickExampleMap:PersistentLevel' has LevelScriptBlueprint '/Game/TwinStickBP/Maps/TwinStickExampleMap.TwinStickExampleMap:PersistentLevel.TwinStickExampleMap' with GeneratedClass '/Game/TwinStickBP/Maps/TwinStickExampleMap.TwinStickExampleMap_C' with ClassGeneratedBy '/Game/TwinStickBP/Maps/TwinStickExampleMap.TwinStickExampleMap:PersistentLevel.TwinStickExampleMap'
[2017.06.27-17.09.13:303][228]LogBlueprintUserMessages: Late EndPlayMap Detection: Level '/Game/TwinStickBP/Maps/TwinStickExampleMap.TwinStickExampleMap:PersistentLevel' has LevelScriptBlueprint '/Game/TwinStickBP/Maps/TwinStickExampleMap.TwinStickExampleMap:PersistentLevel.TwinStickExampleMap' with GeneratedClass '/Game/TwinStickBP/Maps/TwinStickExampleMap.TwinStickExampleMap_C' with ClassGeneratedBy '/Game/TwinStickBP/Maps/TwinStickExampleMap.TwinStickExampleMap:PersistentLevel.TwinStickExampleMap'
[2017.06.27-17.12.33:264][767]LogTemp: Repeting last play command: Selected Viewport
[2017.06.27-17.12.33:271][767]LogBlueprintUserMessages: Early PlayInEditor Detection: Level '/Game/TwinStickBP/Maps/TwinStickExampleMap.TwinStickExampleMap:PersistentLevel' has LevelScriptBlueprint '/Game/TwinStickBP/Maps/TwinStickExampleMap.TwinStickExampleMap:PersistentLevel.TwinStickExampleMap' with GeneratedClass '/Game/TwinStickBP/Maps/TwinStickExampleMap.TwinStickExampleMap_C' with ClassGeneratedBy '/Game/TwinStickBP/Maps/TwinStickExampleMap.TwinStickExampleMap:PersistentLevel.TwinStickExampleMap'
[2017.06.27-17.12.33:271][767]LogPlayLevel: PlayLevel: No blueprints needed recompiling
[2017.06.27-17.12.33:271][767]PIE: New page: PIE session: TwinStickExampleMap (27 Jun 2017 19:12:33)
[2017.06.27-17.12.33:271][767]LogPlayLevel: Creating play world package: /Game/TwinStickBP/Maps/UEDPIE_0_TwinStickExampleMap
[2017.06.27-17.12.33:276][767]LogPlayLevel: PIE: StaticDuplicateObject took: (0.004095s)
[2017.06.27-17.12.33:276][767]LogAIModule: Creating AISystem for world TwinStickExampleMap
[2017.06.27-17.12.33:276][767]LogPlayLevel: PIE: World Init took: (0.000632s)
[2017.06.27-17.12.33:276][767]LogPlayLevel: PIE: Created PIE world by copying editor world from /Game/TwinStickBP/Maps/TwinStickExampleMap.TwinStickExampleMap to /Game/TwinStickBP/Maps/UEDPIE_0_TwinStickExampleMap.TwinStickExampleMap (0.004954s)
[2017.06.27-17.12.33:313][767]LogInit: XAudio2 using 'Speakers (High Definition Audio Device)' : 2 channels at 44.1 kHz using 16 bits per sample (channel mask 0x3)
[2017.06.27-17.12.33:321][767]LogInit: FAudioDevice initialized.
[2017.06.27-17.12.33:354][767]LogLoad: Game class is 'TwinStickGameMode_C'
[2017.06.27-17.12.33:357][767]LogWorld: Bringing World /Game/TwinStickBP/Maps/UEDPIE_0_TwinStickExampleMap.TwinStickExampleMap up for play (max tick rate 0) at 2017.06.27-18.12.33
[2017.06.27-17.12.33:357][767]LogWorld: Bringing up level for play took: 0.001470
[2017.06.27-17.12.33:358][767]PIE: Info Play in editor start time for /Game/TwinStickBP/Maps/UEDPIE_0_TwinStickExampleMap -0.711
[2017.06.27-17.12.33:358][767]LogBlueprintUserMessages: Late PlayInEditor Detection: Level '/Game/TwinStickBP/Maps/TwinStickExampleMap.TwinStickExampleMap:PersistentLevel' has LevelScriptBlueprint '/Game/TwinStickBP/Maps/TwinStickExampleMap.TwinStickExampleMap:PersistentLevel.TwinStickExampleMap' with GeneratedClass '/Game/TwinStickBP/Maps/TwinStickExampleMap.TwinStickExampleMap_C' with ClassGeneratedBy '/Game/TwinStickBP/Maps/TwinStickExampleMap.TwinStickExampleMap:PersistentLevel.TwinStickExampleMap'
[2017.06.27-17.12.37:009][202]LogBlueprintUserMessages: Early EndPlayMap Detection: Level '/Game/TwinStickBP/Maps/TwinStickExampleMap.TwinStickExampleMap:PersistentLevel' has LevelScriptBlueprint '/Game/TwinStickBP/Maps/TwinStickExampleMap.TwinStickExampleMap:PersistentLevel.TwinStickExampleMap' with GeneratedClass '/Game/TwinStickBP/Maps/TwinStickExampleMap.TwinStickExampleMap_C' with ClassGeneratedBy '/Game/TwinStickBP/Maps/TwinStickExampleMap.TwinStickExampleMap:PersistentLevel.TwinStickExampleMap'
[2017.06.27-17.12.37:041][202]LogBlueprintUserMessages: Late EndPlayMap Detection: Level '/Game/TwinStickBP/Maps/TwinStickExampleMap.TwinStickExampleMap:PersistentLevel' has LevelScriptBlueprint '/Game/TwinStickBP/Maps/TwinStickExampleMap.TwinStickExampleMap:PersistentLevel.TwinStickExampleMap' with GeneratedClass '/Game/TwinStickBP/Maps/TwinStickExampleMap.TwinStickExampleMap_C' with ClassGeneratedBy '/Game/TwinStickBP/Maps/TwinStickExampleMap.TwinStickExampleMap:PersistentLevel.TwinStickExampleMap'
[2017.06.27-17.13.09:889][905]BlueprintLog: New page: Compile TwinStickPawn
[2017.06.27-17.13.10:517][957]Cmd: OBJ SAVEPACKAGE PACKAGE="/Game/TwinStickBP/Blueprints/TwinStickPawn" FILE="E:/Users/Erinexx/Documents/Unreal Projects/RobotGame/Content/TwinStickBP/Blueprints/TwinStickPawn.uasset" SILENT=true
[2017.06.27-17.13.10:602][957]LogSavePackage: Save=83.26ms
[2017.06.27-17.13.10:602][957]LogSavePackage: Moving 'E:/Users/Erinexx/Documents/Unreal Projects/RobotGame/Saved/TwinStickPawn07FFE706401AA9CE706F46BA2AEFDF64.tmp' to 'E:/Users/Erinexx/Documents/Unreal Projects/RobotGame/Content/TwinStickBP/Blueprints/TwinStickPawn.uasset'
[2017.06.27-17.13.10:604][957]LogSavePackage:Display: Finished SavePackage E:/Users/Erinexx/Documents/Unreal Projects/RobotGame/Content/TwinStickBP/Blueprints/TwinStickPawn.uasset
[2017.06.27-17.13.11:903][103]LogTemp: Repeting last play command: Selected Viewport
[2017.06.27-17.13.11:910][103]LogBlueprintUserMessages: Early PlayInEditor Detection: Level '/Game/TwinStickBP/Maps/TwinStickExampleMap.TwinStickExampleMap:PersistentLevel' has LevelScriptBlueprint '/Game/TwinStickBP/Maps/TwinStickExampleMap.TwinStickExampleMap:PersistentLevel.TwinStickExampleMap' with GeneratedClass '/Game/TwinStickBP/Maps/TwinStickExampleMap.TwinStickExampleMap_C' with ClassGeneratedBy '/Game/TwinStickBP/Maps/TwinStickExampleMap.TwinStickExampleMap:PersistentLevel.TwinStickExampleMap'
[2017.06.27-17.13.11:910][103]LogPlayLevel: PlayLevel: No blueprints needed recompiling
[2017.06.27-17.13.11:910][103]PIE: New page: PIE session: TwinStickExampleMap (27 Jun 2017 19:13:11)
[2017.06.27-17.13.11:910][103]LogPlayLevel: Creating play world package: /Game/TwinStickBP/Maps/UEDPIE_0_TwinStickExampleMap
[2017.06.27-17.13.11:915][103]LogPlayLevel: PIE: StaticDuplicateObject took: (0.004625s)
[2017.06.27-17.13.11:915][103]LogAIModule: Creating AISystem for world TwinStickExampleMap
[2017.06.27-17.13.11:915][103]LogPlayLevel: PIE: World Init took: (0.000595s)
[2017.06.27-17.13.11:916][103]LogPlayLevel: PIE: Created PIE world by copying editor world from /Game/TwinStickBP/Maps/TwinStickExampleMap.TwinStickExampleMap to /Game/TwinStickBP/Maps/UEDPIE_0_TwinStickExampleMap.TwinStickExampleMap (0.005422s)
[2017.06.27-17.13.11:943][103]LogInit: XAudio2 using 'Speakers (High Definition Audio Device)' : 2 channels at 44.1 kHz using 16 bits per sample (channel mask 0x3)
[2017.06.27-17.13.11:951][103]LogInit: FAudioDevice initialized.
[2017.06.27-17.13.11:981][103]LogLoad: Game class is 'TwinStickGameMode_C'
[2017.06.27-17.13.11:983][103]LogWorld: Bringing World /Game/TwinStickBP/Maps/UEDPIE_0_TwinStickExampleMap.TwinStickExampleMap up for play (max tick rate 0) at 2017.06.27-18.13.11
[2017.06.27-17.13.11:984][103]LogWorld: Bringing up level for play took: 0.001221
[2017.06.27-17.13.11:984][103]PIE: Info Play in editor start time for /Game/TwinStickBP/Maps/UEDPIE_0_TwinStickExampleMap -0.084
[2017.06.27-17.13.11:984][103]LogBlueprintUserMessages: Late PlayInEditor Detection: Level '/Game/TwinStickBP/Maps/TwinStickExampleMap.TwinStickExampleMap:PersistentLevel' has LevelScriptBlueprint '/Game/TwinStickBP/Maps/TwinStickExampleMap.TwinStickExampleMap:PersistentLevel.TwinStickExampleMap' with GeneratedClass '/Game/TwinStickBP/Maps/TwinStickExampleMap.TwinStickExampleMap_C' with ClassGeneratedBy '/Game/TwinStickBP/Maps/TwinStickExampleMap.TwinStickExampleMap:PersistentLevel.TwinStickExampleMap'
[2017.06.27-17.13.27:855][  4]LogBlueprintUserMessages: Early EndPlayMap Detection: Level '/Game/TwinStickBP/Maps/TwinStickExampleMap.TwinStickExampleMap:PersistentLevel' has LevelScriptBlueprint '/Game/TwinStickBP/Maps/TwinStickExampleMap.TwinStickExampleMap:PersistentLevel.TwinStickExampleMap' with GeneratedClass '/Game/TwinStickBP/Maps/TwinStickExampleMap.TwinStickExampleMap_C' with ClassGeneratedBy '/Game/TwinStickBP/Maps/TwinStickExampleMap.TwinStickExampleMap:PersistentLevel.TwinStickExampleMap'
[2017.06.27-17.13.27:888][  4]LogBlueprintUserMessages: Late EndPlayMap Detection: Level '/Game/TwinStickBP/Maps/TwinStickExampleMap.TwinStickExampleMap:PersistentLevel' has LevelScriptBlueprint '/Game/TwinStickBP/Maps/TwinStickExampleMap.TwinStickExampleMap:PersistentLevel.TwinStickExampleMap' with GeneratedClass '/Game/TwinStickBP/Maps/TwinStickExampleMap.TwinStickExampleMap_C' with ClassGeneratedBy '/Game/TwinStickBP/Maps/TwinStickExampleMap.TwinStickExampleMap:PersistentLevel.TwinStickExampleMap'
[2017.06.27-17.13.38:009][121]Cmd: OBJ SAVEPACKAGE PACKAGE="/Game/TwinStick/Audio/mg_loop" FILE="E:/Users/Erinexx/Documents/Unreal Projects/RobotGame/Content/TwinStick/Audio/mg_loop.uasset" SILENT=true
[2017.06.27-17.13.38:014][121]LogSavePackage: Save=4.30ms
[2017.06.27-17.13.38:014][121]LogSavePackage: Moving 'E:/Users/Erinexx/Documents/Unreal Projects/RobotGame/Saved/mg_loopC5F2FCD74F699FDC3BA09AB565279679.tmp' to 'E:/Users/Erinexx/Documents/Unreal Projects/RobotGame/Content/TwinStick/Audio/mg_loop.uasset'
[2017.06.27-17.13.38:016][121]LogSavePackage:Display: Finished SavePackage E:/Users/Erinexx/Documents/Unreal Projects/RobotGame/Content/TwinStick/Audio/mg_loop.uasset
[2017.06.27-17.13.45:571][ 17]Cmd: OBJ SAVEPACKAGE PACKAGE="/Game/TwinStick/Audio/mg_loop" FILE="E:/Users/Erinexx/Documents/Unreal Projects/RobotGame/Content/TwinStick/Audio/mg_loop.uasset" SILENT=true
[2017.06.27-17.13.45:575][ 17]LogSavePackage: Save=2.81ms
[2017.06.27-17.13.45:575][ 17]LogSavePackage: Moving 'E:/Users/Erinexx/Documents/Unreal Projects/RobotGame/Saved/mg_loop649600854EEF6E37CAD31AB42F8F9F0C.tmp' to 'E:/Users/Erinexx/Documents/Unreal Projects/RobotGame/Content/TwinStick/Audio/mg_loop.uasset'
[2017.06.27-17.13.45:576][ 17]LogSavePackage:Display: Finished SavePackage E:/Users/Erinexx/Documents/Unreal Projects/RobotGame/Content/TwinStick/Audio/mg_loop.uasset
[2017.06.27-17.13.46:932][160]LogSavePackage: Save=112.94ms
[2017.06.27-17.13.46:932][160]LogSavePackage: Moving 'E:/Users/Erinexx/Documents/Unreal Projects/RobotGame/Saved/TwinStickExampleMap2AF7874243CA75A1AB2ACCAB93256A79.tmp' to 'E:/Users/Erinexx/Documents/Unreal Projects/RobotGame/Content/TwinStickBP/Maps/TwinStickExampleMap.umap'
[2017.06.27-17.13.46:934][160]LogSavePackage:Display: Finished SavePackage E:/Users/Erinexx/Documents/Unreal Projects/RobotGame/Content/TwinStickBP/Maps/TwinStickExampleMap.umap
[2017.06.27-17.13.47:058][160]LogSavePackage: Save=110.69ms
[2017.06.27-17.13.47:058][160]LogSavePackage: Moving 'E:/Users/Erinexx/Documents/Unreal Projects/RobotGame/Saved/TwinStickExampleMap_BuiltData7A2339BA437DE6FF78352288B3C16109.tmp' to 'E:/Users/Erinexx/Documents/Unreal Projects/RobotGame/Content/TwinStickBP/Maps/TwinStickExampleMap_BuiltData.uasset'
[2017.06.27-17.13.47:059][160]LogSavePackage:Display: Finished SavePackage E:/Users/Erinexx/Documents/Unreal Projects/RobotGame/Content/TwinStickBP/Maps/TwinStickExampleMap_BuiltData.uasset
[2017.06.27-17.13.48:928][382]LogTemp: Repeting last play command: Selected Viewport
[2017.06.27-17.13.48:936][382]LogBlueprintUserMessages: Early PlayInEditor Detection: Level '/Game/TwinStickBP/Maps/TwinStickExampleMap.TwinStickExampleMap:PersistentLevel' has LevelScriptBlueprint '/Game/TwinStickBP/Maps/TwinStickExampleMap.TwinStickExampleMap:PersistentLevel.TwinStickExampleMap' with GeneratedClass '/Game/TwinStickBP/Maps/TwinStickExampleMap.TwinStickExampleMap_C' with ClassGeneratedBy '/Game/TwinStickBP/Maps/TwinStickExampleMap.TwinStickExampleMap:PersistentLevel.TwinStickExampleMap'
[2017.06.27-17.13.48:936][382]LogPlayLevel: PlayLevel: No blueprints needed recompiling
[2017.06.27-17.13.48:936][382]PIE: New page: PIE session: TwinStickExampleMap (27 Jun 2017 19:13:48)
[2017.06.27-17.13.48:936][382]LogPlayLevel: Creating play world package: /Game/TwinStickBP/Maps/UEDPIE_0_TwinStickExampleMap
[2017.06.27-17.13.48:940][382]LogPlayLevel: PIE: StaticDuplicateObject took: (0.004095s)
[2017.06.27-17.13.48:940][382]LogAIModule: Creating AISystem for world TwinStickExampleMap
[2017.06.27-17.13.48:940][382]LogPlayLevel: PIE: World Init took: (0.000549s)
[2017.06.27-17.13.48:941][382]LogPlayLevel: PIE: Created PIE world by copying editor world from /Game/TwinStickBP/Maps/TwinStickExampleMap.TwinStickExampleMap to /Game/TwinStickBP/Maps/UEDPIE_0_TwinStickExampleMap.TwinStickExampleMap (0.004810s)
[2017.06.27-17.13.48:972][382]LogInit: XAudio2 using 'Speakers (High Definition Audio Device)' : 2 channels at 44.1 kHz using 16 bits per sample (channel mask 0x3)
[2017.06.27-17.13.48:979][382]LogInit: FAudioDevice initialized.
[2017.06.27-17.13.49:008][382]LogLoad: Game class is 'TwinStickGameMode_C'
[2017.06.27-17.13.49:011][382]LogWorld: Bringing World /Game/TwinStickBP/Maps/UEDPIE_0_TwinStickExampleMap.TwinStickExampleMap up for play (max tick rate 0) at 2017.06.27-18.13.49
[2017.06.27-17.13.49:011][382]LogWorld: Bringing up level for play took: 0.001388
[2017.06.27-17.13.49:011][382]PIE: Info Play in editor start time for /Game/TwinStickBP/Maps/UEDPIE_0_TwinStickExampleMap 0.943
[2017.06.27-17.13.49:012][382]LogBlueprintUserMessages: Late PlayInEditor Detection: Level '/Game/TwinStickBP/Maps/TwinStickExampleMap.TwinStickExampleMap:PersistentLevel' has LevelScriptBlueprint '/Game/TwinStickBP/Maps/TwinStickExampleMap.TwinStickExampleMap:PersistentLevel.TwinStickExampleMap' with GeneratedClass '/Game/TwinStickBP/Maps/TwinStickExampleMap.TwinStickExampleMap_C' with ClassGeneratedBy '/Game/TwinStickBP/Maps/TwinStickExampleMap.TwinStickExampleMap:PersistentLevel.TwinStickExampleMap'
[2017.06.27-17.13.52:253][768]LogBlueprintUserMessages: Early EndPlayMap Detection: Level '/Game/TwinStickBP/Maps/TwinStickExampleMap.TwinStickExampleMap:PersistentLevel' has LevelScriptBlueprint '/Game/TwinStickBP/Maps/TwinStickExampleMap.TwinStickExampleMap:PersistentLevel.TwinStickExampleMap' with GeneratedClass '/Game/TwinStickBP/Maps/TwinStickExampleMap.TwinStickExampleMap_C' with ClassGeneratedBy '/Game/TwinStickBP/Maps/TwinStickExampleMap.TwinStickExampleMap:PersistentLevel.TwinStickExampleMap'
[2017.06.27-17.13.52:287][768]LogBlueprintUserMessages: Late EndPlayMap Detection: Level '/Game/TwinStickBP/Maps/TwinStickExampleMap.TwinStickExampleMap:PersistentLevel' has LevelScriptBlueprint '/Game/TwinStickBP/Maps/TwinStickExampleMap.TwinStickExampleMap:PersistentLevel.TwinStickExampleMap' with GeneratedClass '/Game/TwinStickBP/Maps/TwinStickExampleMap.TwinStickExampleMap_C' with ClassGeneratedBy '/Game/TwinStickBP/Maps/TwinStickExampleMap.TwinStickExampleMap:PersistentLevel.TwinStickExampleMap'
[2017.06.27-17.14.04:417][125]LogEditorTransaction: Undo Move Nodes
[2017.06.27-17.14.21:972][142]BlueprintLog: New page: Compile TwinStickPawn
[2017.06.27-17.14.22:449][182]Cmd: OBJ SAVEPACKAGE PACKAGE="/Game/TwinStickBP/Blueprints/TwinStickPawn" FILE="E:/Users/Erinexx/Documents/Unreal Projects/RobotGame/Content/TwinStickBP/Blueprints/TwinStickPawn.uasset" SILENT=true
[2017.06.27-17.14.22:533][182]LogSavePackage: Save=83.20ms
[2017.06.27-17.14.22:533][182]LogSavePackage: Moving 'E:/Users/Erinexx/Documents/Unreal Projects/RobotGame/Saved/TwinStickPawn002EE2654EEADFE555EEE384A48D821F.tmp' to 'E:/Users/Erinexx/Documents/Unreal Projects/RobotGame/Content/TwinStickBP/Blueprints/TwinStickPawn.uasset'
[2017.06.27-17.14.22:535][182]LogSavePackage:Display: Finished SavePackage E:/Users/Erinexx/Documents/Unreal Projects/RobotGame/Content/TwinStickBP/Blueprints/TwinStickPawn.uasset
[2017.06.27-17.14.24:790][443]LogTemp: Repeting last play command: Selected Viewport
[2017.06.27-17.14.24:799][443]LogBlueprintUserMessages: Early PlayInEditor Detection: Level '/Game/TwinStickBP/Maps/TwinStickExampleMap.TwinStickExampleMap:PersistentLevel' has LevelScriptBlueprint '/Game/TwinStickBP/Maps/TwinStickExampleMap.TwinStickExampleMap:PersistentLevel.TwinStickExampleMap' with GeneratedClass '/Game/TwinStickBP/Maps/TwinStickExampleMap.TwinStickExampleMap_C' with ClassGeneratedBy '/Game/TwinStickBP/Maps/TwinStickExampleMap.TwinStickExampleMap:PersistentLevel.TwinStickExampleMap'
[2017.06.27-17.14.24:799][443]LogPlayLevel: PlayLevel: No blueprints needed recompiling
[2017.06.27-17.14.24:799][443]PIE: New page: PIE session: TwinStickExampleMap (27 Jun 2017 19:14:24)
[2017.06.27-17.14.24:799][443]LogPlayLevel: Creating play world package: /Game/TwinStickBP/Maps/UEDPIE_0_TwinStickExampleMap
[2017.06.27-17.14.24:803][443]LogPlayLevel: PIE: StaticDuplicateObject took: (0.003844s)
[2017.06.27-17.14.24:803][443]LogAIModule: Creating AISystem for world TwinStickExampleMap
[2017.06.27-17.14.24:804][443]LogPlayLevel: PIE: World Init took: (0.000533s)
[2017.06.27-17.14.24:804][443]LogPlayLevel: PIE: Created PIE world by copying editor world from /Game/TwinStickBP/Maps/TwinStickExampleMap.TwinStickExampleMap to /Game/TwinStickBP/Maps/UEDPIE_0_TwinStickExampleMap.TwinStickExampleMap (0.004518s)
[2017.06.27-17.14.24:838][443]LogInit: XAudio2 using 'Speakers (High Definition Audio Device)' : 2 channels at 44.1 kHz using 16 bits per sample (channel mask 0x3)
[2017.06.27-17.14.24:845][443]LogInit: FAudioDevice initialized.
[2017.06.27-17.14.24:874][443]LogLoad: Game class is 'TwinStickGameMode_C'
[2017.06.27-17.14.24:876][443]LogWorld: Bringing World /Game/TwinStickBP/Maps/UEDPIE_0_TwinStickExampleMap.TwinStickExampleMap up for play (max tick rate 0) at 2017.06.27-18.14.24
[2017.06.27-17.14.24:877][443]LogWorld: Bringing up level for play took: 0.001293
[2017.06.27-17.14.24:877][443]PIE: Info Play in editor start time for /Game/TwinStickBP/Maps/UEDPIE_0_TwinStickExampleMap 0.808
[2017.06.27-17.14.24:877][443]LogBlueprintUserMessages: Late PlayInEditor Detection: Level '/Game/TwinStickBP/Maps/TwinStickExampleMap.TwinStickExampleMap:PersistentLevel' has LevelScriptBlueprint '/Game/TwinStickBP/Maps/TwinStickExampleMap.TwinStickExampleMap:PersistentLevel.TwinStickExampleMap' with GeneratedClass '/Game/TwinStickBP/Maps/TwinStickExampleMap.TwinStickExampleMap_C' with ClassGeneratedBy '/Game/TwinStickBP/Maps/TwinStickExampleMap.TwinStickExampleMap:PersistentLevel.TwinStickExampleMap'
[2017.06.27-17.14.35:185][677]LogBlueprintUserMessages: Early EndPlayMap Detection: Level '/Game/TwinStickBP/Maps/TwinStickExampleMap.TwinStickExampleMap:PersistentLevel' has LevelScriptBlueprint '/Game/TwinStickBP/Maps/TwinStickExampleMap.TwinStickExampleMap:PersistentLevel.TwinStickExampleMap' with GeneratedClass '/Game/TwinStickBP/Maps/TwinStickExampleMap.TwinStickExampleMap_C' with ClassGeneratedBy '/Game/TwinStickBP/Maps/TwinStickExampleMap.TwinStickExampleMap:PersistentLevel.TwinStickExampleMap'
[2017.06.27-17.14.35:219][677]LogBlueprintUserMessages: Late EndPlayMap Detection: Level '/Game/TwinStickBP/Maps/TwinStickExampleMap.TwinStickExampleMap:PersistentLevel' has LevelScriptBlueprint '/Game/TwinStickBP/Maps/TwinStickExampleMap.TwinStickExampleMap:PersistentLevel.TwinStickExampleMap' with GeneratedClass '/Game/TwinStickBP/Maps/TwinStickExampleMap.TwinStickExampleMap_C' with ClassGeneratedBy '/Game/TwinStickBP/Maps/TwinStickExampleMap.TwinStickExampleMap:PersistentLevel.TwinStickExampleMap'
[2017.06.27-17.14.42:621][493]BlueprintLog: New page: Compile TwinStickPawn
[2017.06.27-17.14.43:014][520]Cmd: OBJ SAVEPACKAGE PACKAGE="/Game/TwinStickBP/Blueprints/TwinStickPawn" FILE="E:/Users/Erinexx/Documents/Unreal Projects/RobotGame/Content/TwinStickBP/Blueprints/TwinStickPawn.uasset" SILENT=true
[2017.06.27-17.14.43:099][520]LogSavePackage: Save=83.23ms
[2017.06.27-17.14.43:099][520]LogSavePackage: Moving 'E:/Users/Erinexx/Documents/Unreal Projects/RobotGame/Saved/TwinStickPawn7DB8EF27420A1A704DB546B790F29C5A.tmp' to 'E:/Users/Erinexx/Documents/Unreal Projects/RobotGame/Content/TwinStickBP/Blueprints/TwinStickPawn.uasset'
[2017.06.27-17.14.43:100][520]LogSavePackage:Display: Finished SavePackage E:/Users/Erinexx/Documents/Unreal Projects/RobotGame/Content/TwinStickBP/Blueprints/TwinStickPawn.uasset
[2017.06.27-17.14.45:280][756]LogSavePackage: Save=117.17ms
[2017.06.27-17.14.45:280][756]LogSavePackage: Moving 'E:/Users/Erinexx/Documents/Unreal Projects/RobotGame/Saved/TwinStickExampleMapC9A47C3949343B90D6D9C8BDEF197B25.tmp' to 'E:/Users/Erinexx/Documents/Unreal Projects/RobotGame/Content/TwinStickBP/Maps/TwinStickExampleMap.umap'
[2017.06.27-17.14.45:282][756]LogSavePackage:Display: Finished SavePackage E:/Users/Erinexx/Documents/Unreal Projects/RobotGame/Content/TwinStickBP/Maps/TwinStickExampleMap.umap
[2017.06.27-17.14.45:369][756]LogSavePackage: Save=77.71ms
[2017.06.27-17.14.45:369][756]LogSavePackage: Moving 'E:/Users/Erinexx/Documents/Unreal Projects/RobotGame/Saved/TwinStickExampleMap_BuiltDataE0A6DC0342FD043389EB82B01284A9CC.tmp' to 'E:/Users/Erinexx/Documents/Unreal Projects/RobotGame/Content/TwinStickBP/Maps/TwinStickExampleMap_BuiltData.uasset'
[2017.06.27-17.14.45:370][756]LogSavePackage:Display: Finished SavePackage E:/Users/Erinexx/Documents/Unreal Projects/RobotGame/Content/TwinStickBP/Maps/TwinStickExampleMap_BuiltData.uasset
[2017.06.27-17.17.31:037][666]LogWindowsTextInputMethodSystem:Display: IME system now deactivated.
[2017.06.27-17.17.31:192][667]Cmd: QUIT_EDITOR
[2017.06.27-17.17.31:807][667]LogExit: Preparing to exit.
[2017.06.27-17.17.32:865][667]LogExit: Editor shut down
[2017.06.27-17.17.32:869][667]LogExit: Transaction tracking system shut down
[2017.06.27-17.17.32:949][667]LogObj: Freed 0b from 0 cluster array pools.
[2017.06.27-17.17.32:949][667]LogExit: Object subsystem successfully closed.
[2017.06.27-17.17.32:965][667]LogD3D11RHI: Shutdown
[2017.06.27-17.17.32:965][667]LogD3D11RHI: CleanupD3DDevice
[2017.06.27-17.17.33:049][667]LogD3D11RHI: ~FD3D11DynamicRHI
[2017.06.27-17.17.33:088][667]LogModuleManager: Shutting down and abandoning module ExternalImagePicker (536)
[2017.06.27-17.17.33:088][667]LogModuleManager: Shutting down and abandoning module BlueprintGraph (534)
[2017.06.27-17.17.33:088][667]LogModuleManager: Shutting down and abandoning module BlueprintProfiler (532)
[2017.06.27-17.17.33:088][667]LogModuleManager: Shutting down and abandoning module MaterialEditor (530)
[2017.06.27-17.17.33:088][667]LogModuleManager: Shutting down and abandoning module StaticMeshEditor (528)
[2017.06.27-17.17.33:088][667]LogModuleManager: Shutting down and abandoning module MovieSceneCapture (526)
[2017.06.27-17.17.33:088][667]LogModuleManager: Shutting down and abandoning module HierarchicalLODOutliner (524)
[2017.06.27-17.17.33:088][667]LogModuleManager: Shutting down and abandoning module CrashTracker (522)
[2017.06.27-17.17.33:088][667]LogModuleManager: Shutting down and abandoning module SceneOutliner (520)
[2017.06.27-17.17.33:088][667]LogModuleManager: Shutting down and abandoning module AddContentDialog (518)
[2017.06.27-17.17.33:088][667]LogDirectoryWatcher: A directory notification for 'C:/Program Files/Epic Games/UE_4.16/FeaturePacks/' was aborted.
[2017.06.27-17.17.33:089][667]LogModuleManager: Shutting down and abandoning module WidgetCarousel (517)
[2017.06.27-17.17.33:089][667]LogModuleManager: Shutting down and abandoning module EditorWidgets (514)
[2017.06.27-17.17.33:089][667]LogModuleManager: Shutting down and abandoning module CollectionManager (512)
[2017.06.27-17.17.33:089][667]LogDirectoryWatcher: A directory notification for 'E:/Users/Erinexx/Documents/Unreal Projects/RobotGame/Content/Collections/' was aborted.
[2017.06.27-17.17.33:089][667]LogDirectoryWatcher: A directory notification for 'E:/Users/Erinexx/Documents/Unreal Projects/RobotGame/Content/Developers/Erinexx/Collections/' was aborted.
[2017.06.27-17.17.33:089][667]LogDirectoryWatcher: A directory notification for 'E:/Users/Erinexx/Documents/Unreal Projects/RobotGame/Saved/Collections/' was aborted.
[2017.06.27-17.17.33:089][667]LogModuleManager: Shutting down and abandoning module StatsViewer (510)
[2017.06.27-17.17.33:089][667]LogModuleManager: Shutting down and abandoning module FoliageEdit (508)
[2017.06.27-17.17.33:089][667]LogModuleManager: Shutting down and abandoning module LandscapeEditor (506)
[2017.06.27-17.17.33:089][667]LogModuleManager: Shutting down and abandoning module MeshPaintMode (504)
[2017.06.27-17.17.33:089][667]LogModuleManager: Shutting down and abandoning module SceneDepthPickerMode (502)
[2017.06.27-17.17.33:089][667]LogModuleManager: Shutting down and abandoning module ActorPickerMode (500)
[2017.06.27-17.17.33:089][667]LogModuleManager: Shutting down and abandoning module GeometryMode (498)
[2017.06.27-17.17.33:089][667]LogModuleManager: Shutting down and abandoning module TextureAlignMode (496)
[2017.06.27-17.17.33:089][667]LogModuleManager: Shutting down and abandoning module BspMode (494)
[2017.06.27-17.17.33:089][667]LogModuleManager: Shutting down and abandoning module HardwareSurvey (492)
[2017.06.27-17.17.33:089][667]LogModuleManager: Shutting down and abandoning module SequenceRecorderSections (490)
[2017.06.27-17.17.33:089][667]LogModuleManager: Shutting down and abandoning module AutomationWorker (488)
[2017.06.27-17.17.33:089][667]LogModuleManager: Shutting down and abandoning module MatineeToLevelSequence (486)
[2017.06.27-17.17.33:089][667]LogModuleManager: Shutting down and abandoning module LevelSequenceEditor (484)
[2017.06.27-17.17.33:089][667]LogModuleManager: Shutting down and abandoning module PlacementMode (483)
[2017.06.27-17.17.33:089][667]LogModuleManager: Shutting down and abandoning module WmfMediaFactory (480)
[2017.06.27-17.17.33:089][667]LogModuleManager: Shutting down and abandoning module WmfMediaEditor (478)
[2017.06.27-17.17.33:089][667]LogModuleManager: Shutting down and abandoning module AvfMediaFactory (476)
[2017.06.27-17.17.33:089][667]LogModuleManager: Shutting down and abandoning module AvfMediaEditor (474)
[2017.06.27-17.17.33:089][667]LogModuleManager: Shutting down and abandoning module AndroidMediaFactory (472)
[2017.06.27-17.17.33:089][667]LogModuleManager: Shutting down and abandoning module Media (471)
[2017.06.27-17.17.33:089][667]LogModuleManager: Shutting down and abandoning module AndroidMediaEditor (468)
[2017.06.27-17.17.33:089][667]LogModuleManager: Shutting down and abandoning module CharacterAI (466)
[2017.06.27-17.17.33:089][667]LogModuleManager: Shutting down and abandoning module AudioCapture (464)
[2017.06.27-17.17.33:089][667]LogModuleManager: Shutting down and abandoning module SequenceRecorder (463)
[2017.06.27-17.17.33:089][667]LogModuleManager: Shutting down and abandoning module SmartSnapping (460)
[2017.06.27-17.17.33:089][667]LogModuleManager: Shutting down and abandoning module SessionServices (458)
[2017.06.27-17.17.33:089][667]LogModuleManager: Shutting down and abandoning module ViewportSnapping (456)
[2017.06.27-17.17.33:089][667]LogModuleManager: Shutting down and abandoning module ViewportInteraction (454)
[2017.06.27-17.17.33:089][667]LogModuleManager: Shutting down and abandoning module ClothPainter (452)
[2017.06.27-17.17.33:089][667]LogModuleManager: Shutting down and abandoning module LogVisualizer (450)
[2017.06.27-17.17.33:089][667]LogModuleManager: Shutting down and abandoning module IntroTutorials (448)
[2017.06.27-17.17.33:090][667]LogModuleManager: Shutting down and abandoning module GameProjectGeneration (447)
[2017.06.27-17.17.33:090][667]LogModuleManager: Shutting down and abandoning module EditorLiveStreaming (444)
[2017.06.27-17.17.33:090][667]LogModuleManager: Shutting down and abandoning module IOSPlatformEditor (442)
[2017.06.27-17.17.33:090][667]LogModuleManager: Shutting down and abandoning module HTML5PlatformEditor (440)
[2017.06.27-17.17.33:090][667]LogModuleManager: Shutting down and abandoning module AndroidPlatformEditor (438)
[2017.06.27-17.17.33:090][667]LogModuleManager: Shutting down and abandoning module AndroidDeviceDetection (437)
[2017.06.27-17.17.33:398][667]LogModuleManager: Shutting down and abandoning module IOSRuntimeSettings (434)
[2017.06.27-17.17.33:398][667]LogModuleManager: Shutting down and abandoning module AndroidRuntimeSettings (432)
[2017.06.27-17.17.33:398][667]LogModuleManager: Shutting down and abandoning module InputBindingEditor (430)
[2017.06.27-17.17.33:398][667]LogModuleManager: Shutting down and abandoning module MergeActors (428)
[2017.06.27-17.17.33:398][667]LogModuleManager: Shutting down and abandoning module SizeMap (426)
[2017.06.27-17.17.33:398][667]LogModuleManager: Shutting down and abandoning module TreeMap (424)
[2017.06.27-17.17.33:398][667]LogModuleManager: Shutting down and abandoning module ReferenceViewer (422)
[2017.06.27-17.17.33:398][667]LogModuleManager: Shutting down and abandoning module LocalizationDashboard (420)
[2017.06.27-17.17.33:398][667]LogModuleManager: Shutting down and abandoning module LocalizationService (419)
[2017.06.27-17.17.33:398][667]LogModuleManager: Shutting down and abandoning module HardwareTargeting (416)
[2017.06.27-17.17.33:398][667]LogModuleManager: Shutting down and abandoning module DeviceProfileEditor (414)
[2017.06.27-17.17.33:398][667]LogModuleManager: Shutting down and abandoning module UndoHistory (412)
[2017.06.27-17.17.33:398][667]LogModuleManager: Shutting down and abandoning module UserFeedback (410)
[2017.06.27-17.17.33:398][667]LogModuleManager: Shutting down and abandoning module XmlParser (408)
[2017.06.27-17.17.33:398][667]LogModuleManager: Shutting down and abandoning module Blutility (406)
[2017.06.27-17.17.33:398][667]LogModuleManager: Shutting down and abandoning module ProjectSettingsViewer (404)
[2017.06.27-17.17.33:398][667]LogModuleManager: Shutting down and abandoning module ProjectTargetPlatformEditor (403)
[2017.06.27-17.17.33:399][667]LogModuleManager: Shutting down and abandoning module EditorSettingsViewer (400)
[2017.06.27-17.17.33:399][667]LogModuleManager: Shutting down and abandoning module SettingsEditor (398)
[2017.06.27-17.17.33:399][667]LogModuleManager: Shutting down and abandoning module ProjectLauncher (396)
[2017.06.27-17.17.33:399][667]LogModuleManager: Shutting down and abandoning module SessionFrontend (394)
[2017.06.27-17.17.33:399][667]LogModuleManager: Shutting down and abandoning module ProfilerClient (392)
[2017.06.27-17.17.33:399][667]LogModuleManager: Shutting down and abandoning module DeviceManager (390)
[2017.06.27-17.17.33:399][667]LogModuleManager: Shutting down and abandoning module TargetDeviceServices (389)
[2017.06.27-17.17.33:442][667]LogModuleManager: Shutting down and abandoning module AutomationController (386)
[2017.06.27-17.17.33:442][667]LogModuleManager: Shutting down and abandoning module AutomationWindow (384)
[2017.06.27-17.17.33:442][667]LogModuleManager: Shutting down and abandoning module Layers (382)
[2017.06.27-17.17.33:442][667]LogModuleManager: Shutting down and abandoning module ComponentVisualizers (380)
[2017.06.27-17.17.33:442][667]LogModuleManager: Shutting down and abandoning module DetailCustomizations (378)
[2017.06.27-17.17.33:442][667]LogModuleManager: Shutting down and abandoning module PackagesDialog (376)
[2017.06.27-17.17.33:442][667]LogModuleManager: Shutting down and abandoning module Persona (374)
[2017.06.27-17.17.33:442][667]LogModuleManager: Shutting down and abandoning module AdvancedPreviewScene (373)
[2017.06.27-17.17.33:442][667]LogModuleManager: Shutting down and abandoning module AnimGraph (371)
[2017.06.27-17.17.33:442][667]LogModuleManager: Shutting down and abandoning module Kismet (368)
[2017.06.27-17.17.33:447][667]LogModuleManager: Shutting down and abandoning module ClassViewer (366)
[2017.06.27-17.17.33:447][667]LogModuleManager: Shutting down and abandoning module Toolbox (364)
[2017.06.27-17.17.33:447][667]LogModuleManager: Shutting down and abandoning module ModuleUI (362)
[2017.06.27-17.17.33:447][667]LogModuleManager: Shutting down and abandoning module MovieSceneTools (360)
[2017.06.27-17.17.33:447][667]LogModuleManager: Shutting down and abandoning module OutputLog (358)
[2017.06.27-17.17.33:447][667]LogModuleManager: Shutting down and abandoning module GammaUI (356)
[2017.06.27-17.17.33:447][667]LogModuleManager: Shutting down and abandoning module Documentation (354)
[2017.06.27-17.17.33:447][667]LogModuleManager: Shutting down and abandoning module MovieSceneTracks (352)
[2017.06.27-17.17.33:447][667]LogModuleManager: Shutting down and abandoning module MovieScene (350)
[2017.06.27-17.17.33:447][667]LogModuleManager: Shutting down and abandoning module Niagara (348)
[2017.06.27-17.17.33:447][667]LogModuleManager: Shutting down and abandoning module NiagaraEditor (347)
[2017.06.27-17.17.33:447][667]LogModuleManager: Shutting down and abandoning module StreamingPauseRendering (344)
[2017.06.27-17.17.33:447][667]LogModuleManager: Shutting down and abandoning module AnalyticsET (342)
[2017.06.27-17.17.33:447][667]LogModuleManager: Shutting down and abandoning module PortalServices (340)
[2017.06.27-17.17.33:447][667]LogModuleManager: Shutting down and abandoning module PortalRpc (338)
[2017.06.27-17.17.33:447][667]LogModuleManager: Shutting down and abandoning module MessagingRpc (336)
[2017.06.27-17.17.33:447][667]LogModuleManager: Shutting down and abandoning module AIModule (334)
[2017.06.27-17.17.33:447][667]LogModuleManager: Shutting down and abandoning module GameplayDebugger (333)
[2017.06.27-17.17.33:447][667]LogModuleManager: Shutting down and abandoning module AITestSuite (331)
[2017.06.27-17.17.33:447][667]LogModuleManager: Shutting down and abandoning module ProfilerService (328)
[2017.06.27-17.17.33:690][667]LogModuleManager: Shutting down and abandoning module TaskGraph (326)
[2017.06.27-17.17.33:690][667]LogModuleManager: Shutting down and abandoning module SteamVRController (324)
[2017.06.27-17.17.33:690][667]LogModuleManager: Shutting down and abandoning module SteamVR (322)
[2017.06.27-17.17.33:690][667]LogModuleManager: Shutting down and abandoning module ProceduralMeshComponentEditor (320)
[2017.06.27-17.17.33:690][667]LogModuleManager: Shutting down and abandoning module ProceduralMeshComponent (318)
[2017.06.27-17.17.33:690][667]LogModuleManager: Shutting down and abandoning module OculusLibrary (316)
[2017.06.27-17.17.33:690][667]LogModuleManager: Shutting down and abandoning module OculusInput (314)
[2017.06.27-17.17.33:690][667]LogModuleManager: Shutting down and abandoning module MobilePatchingUtils (312)
[2017.06.27-17.17.33:690][667]LogModuleManager: Shutting down and abandoning module CustomMeshComponent (310)
[2017.06.27-17.17.33:690][667]LogModuleManager: Shutting down and abandoning module CableComponent (308)
[2017.06.27-17.17.33:690][667]LogModuleManager: Shutting down and abandoning module ArchVisCharacter (306)
[2017.06.27-17.17.33:690][667]LogModuleManager: Shutting down and abandoning module AndroidPermission (304)
[2017.06.27-17.17.33:690][667]LogModuleManager: Shutting down and abandoning module MediaPlayerEditor (300)
[2017.06.27-17.17.33:690][667]LogModuleManager: Shutting down and abandoning module HTML5Networking (298)
[2017.06.27-17.17.33:690][667]LogModuleManager: Shutting down and abandoning module AlembicImporter (296)
[2017.06.27-17.17.33:690][667]LogModuleManager: Shutting down and abandoning module AlembicLibrary (295)
[2017.06.27-17.17.33:690][667]LogModuleManager: Shutting down and abandoning module GeometryCache (294)
[2017.06.27-17.17.33:690][667]LogModuleManager: Shutting down and abandoning module GeometryCacheEd (293)
[2017.06.27-17.17.33:690][667]LogModuleManager: Shutting down and abandoning module SuperSearchEditor (288)
[2017.06.27-17.17.33:690][667]LogModuleManager: Shutting down and abandoning module SuperSearch (287)
[2017.06.27-17.17.33:690][667]LogModuleManager: Shutting down and abandoning module SpeedTreeImporter (284)
[2017.06.27-17.17.33:690][667]LogModuleManager: Shutting down and abandoning module PluginBrowser (282)
[2017.06.27-17.17.33:690][667]LogModuleManager: Shutting down and abandoning module MobileLauncherProfileWizard (280)
[2017.06.27-17.17.33:690][667]LogModuleManager: Shutting down and abandoning module VisualStudioSourceCodeAccess (278)
[2017.06.27-17.17.33:690][667]LogModuleManager: Shutting down and abandoning module DesktopPlatform (277)
[2017.06.27-17.17.33:690][667]LogModuleManager: Shutting down and abandoning module UObjectPlugin (274)
[2017.06.27-17.17.33:690][667]LogModuleManager: Shutting down and abandoning module SubversionSourceControl (272)
[2017.06.27-17.17.33:690][667]LogModuleManager: Shutting down and abandoning module PerforceSourceControl (270)
[2017.06.27-17.17.33:690][667]LogModuleManager: Shutting down and abandoning module GitSourceControl (268)
[2017.06.27-17.17.33:690][667]LogModuleManager: Shutting down and abandoning module SourceControl (267)
[2017.06.27-17.17.33:690][667]LogModuleManager: Shutting down and abandoning module LightPropagationVolumeEditor (264)
[2017.06.27-17.17.33:690][667]LogModuleManager: Shutting down and abandoning module PaperTiledImporter (262)
[2017.06.27-17.17.33:690][667]LogModuleManager: Shutting down and abandoning module PaperSpriteSheetImporter (260)
[2017.06.27-17.17.33:690][667]LogModuleManager: Shutting down and abandoning module Paper2DEditor (258)
[2017.06.27-17.17.33:690][667]LogModuleManager: Shutting down and abandoning module MeshPaint (257)
[2017.06.27-17.17.33:690][667]LogModuleManager: Shutting down and abandoning module LevelEditor (255)
[2017.06.27-17.17.33:691][667]LogModuleManager: Shutting down and abandoning module PixelInspectorModule (254)
[2017.06.27-17.17.33:691][667]LogModuleManager: Shutting down and abandoning module MainFrame (252)
[2017.06.27-17.17.33:691][667]LogModuleManager: Shutting down and abandoning module HotReload (251)
[2017.06.27-17.17.33:691][667]LogModuleManager: Shutting down and abandoning module PhysXVehiclesEditor (246)
[2017.06.27-17.17.33:691][667]LogModuleManager: Shutting down and abandoning module PhysXVehicles (244)
[2017.06.27-17.17.33:691][667]LogModuleManager: Shutting down and abandoning module LocationServicesBPLibrary (242)
[2017.06.27-17.17.33:691][667]LogModuleManager: Shutting down and abandoning module ImmediatePhysicsEditor (240)
[2017.06.27-17.17.33:691][667]LogModuleManager: Shutting down and abandoning module ImmediatePhysics (238)
[2017.06.27-17.17.33:691][667]LogModuleManager: Shutting down and abandoning module UdpMessaging (236)
[2017.06.27-17.17.33:792][667]LogModuleManager: Shutting down and abandoning module TcpMessaging (234)
[2017.06.27-17.17.33:893][667]LogModuleManager: Shutting down and abandoning module GameplayTagsEditor (232)
[2017.06.27-17.17.33:893][667]LogModuleManager: Shutting down and abandoning module FacialAnimationEditor (230)
[2017.06.27-17.17.33:893][667]LogModuleManager: Shutting down and abandoning module FacialAnimation (228)
[2017.06.27-17.17.33:893][667]LogModuleManager: Shutting down and abandoning module AssetManagerEditor (226)
[2017.06.27-17.17.33:893][667]LogModuleManager: Shutting down and abandoning module GraphEditor (225)
[2017.06.27-17.17.33:893][667]LogModuleManager: Shutting down and abandoning module ContentBrowser (223)
[2017.06.27-17.17.33:894][667]LogModuleManager: Shutting down and abandoning module LightPropagationVolumeRuntime (220)
[2017.06.27-17.17.33:894][667]LogModuleManager: Shutting down and abandoning module Paper2D (218)
[2017.06.27-17.17.33:894][667]LogModuleManager: Shutting down and abandoning module WindowsMoviePlayer (216)
[2017.06.27-17.17.33:894][667]LogModuleManager: Shutting down and abandoning module WmfMedia (214)
[2017.06.27-17.17.33:894][667]LogModuleManager: Shutting down and abandoning module ClothingSystemEditor (212)
[2017.06.27-17.17.33:894][667]LogModuleManager: Shutting down and abandoning module ClothingSystemRuntime (210)
[2017.06.27-17.17.33:894][667]LogModuleManager: Shutting down and abandoning module MediaAssets (208)
[2017.06.27-17.17.33:894][667]LogModuleManager: Shutting down and abandoning module GameLiveStreaming (206)
[2017.06.27-17.17.33:894][667]LogModuleManager: Shutting down and abandoning module VREditor (204)
[2017.06.27-17.17.33:894][667]LogModuleManager: Shutting down and abandoning module StringTableEditor (202)
[2017.06.27-17.17.33:894][667]LogModuleManager: Shutting down and abandoning module GameplayTasksEditor (200)
[2017.06.27-17.17.33:894][667]LogModuleManager: Shutting down and abandoning module BehaviorTreeEditor (198)
[2017.06.27-17.17.33:894][667]LogModuleManager: Shutting down and abandoning module FunctionalTesting (196)
[2017.06.27-17.17.33:894][667]LogModuleManager: Shutting down and abandoning module CollisionAnalyzer (194)
[2017.06.27-17.17.33:894][667]LogModuleManager: Shutting down and abandoning module UMG (192)
[2017.06.27-17.17.33:894][667]LogModuleManager: Shutting down and abandoning module UMGEditor (191)
[2017.06.27-17.17.33:894][667]LogModuleManager: Shutting down and abandoning module Sequencer (190)
[2017.06.27-17.17.33:894][667]LogModuleManager: Shutting down and abandoning module AssetTools (188)
[2017.06.27-17.17.33:894][667]LogModuleManager: Shutting down and abandoning module MessageLog (187)
[2017.06.27-17.17.33:894][667]LogModuleManager: Shutting down and abandoning module WorkspaceMenuStructure (186)
[2017.06.27-17.17.33:894][667]LogModuleManager: Shutting down and abandoning module SlateReflector (180)
[2017.06.27-17.17.33:894][667]LogModuleManager: Shutting down and abandoning module Slate (178)
[2017.06.27-17.17.33:894][667]LogModuleManager: Shutting down and abandoning module EditorStyle (176)
[2017.06.27-17.17.33:897][667]LogModuleManager: Shutting down and abandoning module SourceCodeAccess (174)
[2017.06.27-17.17.33:897][667]LogModuleManager: Shutting down and abandoning module HeadMountedDisplay (172)
[2017.06.27-17.17.33:897][667]LogModuleManager: Shutting down and abandoning module XAudio2 (170)
[2017.06.27-17.17.33:897][667]LogModuleManager: Shutting down and abandoning module Networking (168)
[2017.06.27-17.17.33:897][667]LogModuleManager: Shutting down and abandoning module Core (164)
[2017.06.27-17.17.33:897][667]LogModuleManager: Shutting down and abandoning module AssetRegistry (162)
[2017.06.27-17.17.34:035][667]LogDirectoryWatcher: A directory notification for '../../../Engine/Content/' was aborted.
[2017.06.27-17.17.34:035][667]LogDirectoryWatcher: A directory notification for 'E:/Users/Erinexx/Documents/Unreal Projects/RobotGame/Content/' was aborted.
[2017.06.27-17.17.34:035][667]LogDirectoryWatcher: A directory notification for '../../../Engine/Plugins/2D/Paper2D/Content/' was aborted.
[2017.06.27-17.17.34:035][667]LogDirectoryWatcher: A directory notification for '../../../Engine/Plugins/Runtime/GearVR/Content/' was aborted.
[2017.06.27-17.17.34:037][667]LogModuleManager: Shutting down and abandoning module DirectoryWatcher (161)
[2017.06.27-17.17.34:038][667]LogModuleManager: Shutting down and abandoning module KismetCompiler (158)
[2017.06.27-17.17.34:038][667]LogModuleManager: Shutting down and abandoning module LevelSequence (156)
[2017.06.27-17.17.34:038][667]LogModuleManager: Shutting down and abandoning module PhysXFormats (154)
[2017.06.27-17.17.34:038][667]LogModuleManager: Shutting down and abandoning module MeshUtilities (152)
[2017.06.27-17.17.34:038][667]LogModuleManager: Shutting down and abandoning module SimplygonSwarm (151)
[2017.06.27-17.17.34:038][667]LogModuleManager: Shutting down and abandoning module SimplygonMeshReduction (149)
[2017.06.27-17.17.34:038][667]LogModuleManager: Shutting down and abandoning module QuadricMeshReduction (147)
[2017.06.27-17.17.34:038][667]LogModuleManager: Shutting down and abandoning module DerivedDataCache (144)
[2017.06.27-17.17.34:078][667]LogDerivedDataCache: Shutdown
[2017.06.27-17.17.34:078][667]LogModuleManager: Shutting down and abandoning module TargetPlatform (142)
[2017.06.27-17.17.34:078][667]LogModuleManager: Shutting down and abandoning module VulkanShaderFormat (141)
[2017.06.27-17.17.34:078][667]LogModuleManager: Shutting down and abandoning module ShaderFormatVectorVM (139)
[2017.06.27-17.17.34:078][667]LogModuleManager: Shutting down and abandoning module ShaderFormatOpenGL (137)
[2017.06.27-17.17.34:078][667]LogModuleManager: Shutting down and abandoning module ShaderFormatD3D (135)
[2017.06.27-17.17.34:078][667]LogModuleManager: Shutting down and abandoning module MetalShaderFormat (133)
[2017.06.27-17.17.34:078][667]LogModuleManager: Shutting down and abandoning module TextureFormatUncompressed (131)
[2017.06.27-17.17.34:078][667]LogModuleManager: Shutting down and abandoning module TextureFormatPVR (129)
[2017.06.27-17.17.34:078][667]LogModuleManager: Shutting down and abandoning module TextureFormatDXT (127)
[2017.06.27-17.17.34:078][667]LogModuleManager: Shutting down and abandoning module TextureFormatIntelISPCTexComp (125)
[2017.06.27-17.17.34:078][667]LogModuleManager: Shutting down and abandoning module TextureFormatASTC (123)
[2017.06.27-17.17.34:078][667]LogModuleManager: Shutting down and abandoning module ImageWrapper (122)
[2017.06.27-17.17.34:078][667]LogModuleManager: Shutting down and abandoning module TextureFormatAndroid (119)
[2017.06.27-17.17.34:078][667]LogModuleManager: Shutting down and abandoning module AudioFormatOpus (117)
[2017.06.27-17.17.34:078][667]LogModuleManager: Shutting down and abandoning module AudioFormatOgg (115)
[2017.06.27-17.17.34:078][667]LogModuleManager: Shutting down and abandoning module AudioFormatADPCM (113)
[2017.06.27-17.17.34:078][667]LogModuleManager: Shutting down and abandoning module LinuxTargetPlatform (111)
[2017.06.27-17.17.34:078][667]LogModuleManager: Shutting down and abandoning module LinuxServerTargetPlatform (109)
[2017.06.27-17.17.34:078][667]LogModuleManager: Shutting down and abandoning module LinuxNoEditorTargetPlatform (107)
[2017.06.27-17.17.34:078][667]LogModuleManager: Shutting down and abandoning module LinuxClientTargetPlatform (105)
[2017.06.27-17.17.34:078][667]LogModuleManager: Shutting down and abandoning module TVOSTargetPlatform (103)
[2017.06.27-17.17.34:078][667]LogModuleManager: Shutting down and abandoning module Messaging (101)
[2017.06.27-17.17.34:078][667]LogModuleManager: Shutting down and abandoning module IOSTargetPlatform (99)
[2017.06.27-17.17.34:078][667]LogModuleManager: Shutting down and abandoning module HTML5TargetPlatform (97)
[2017.06.27-17.17.34:078][667]LogModuleManager: Shutting down and abandoning module Android_PVRTCTargetPlatform (95)
[2017.06.27-17.17.34:078][667]LogModuleManager: Shutting down and abandoning module Android_MultiTargetPlatform (93)
[2017.06.27-17.17.34:078][667]LogModuleManager: Shutting down and abandoning module Android_ETC2TargetPlatform (91)
[2017.06.27-17.17.34:078][667]LogModuleManager: Shutting down and abandoning module Android_ETC1TargetPlatform (89)
[2017.06.27-17.17.34:078][667]LogModuleManager: Shutting down and abandoning module Android_DXTTargetPlatform (87)
[2017.06.27-17.17.34:078][667]LogModuleManager: Shutting down and abandoning module Android_ATCTargetPlatform (85)
[2017.06.27-17.17.34:078][667]LogModuleManager: Shutting down and abandoning module Android_ASTCTargetPlatform (83)
[2017.06.27-17.17.34:078][667]LogModuleManager: Shutting down and abandoning module AndroidTargetPlatform (81)
[2017.06.27-17.17.34:078][667]LogModuleManager: Shutting down and abandoning module WindowsTargetPlatform (79)
[2017.06.27-17.17.34:078][667]LogModuleManager: Shutting down and abandoning module WindowsServerTargetPlatform (77)
[2017.06.27-17.17.34:078][667]LogModuleManager: Shutting down and abandoning module WindowsNoEditorTargetPlatform (75)
[2017.06.27-17.17.34:078][667]LogModuleManager: Shutting down and abandoning module WindowsClientTargetPlatform (73)
[2017.06.27-17.17.34:078][667]LogModuleManager: Shutting down and abandoning module MacTargetPlatform (71)
[2017.06.27-17.17.34:078][667]LogModuleManager: Shutting down and abandoning module MacServerTargetPlatform (69)
[2017.06.27-17.17.34:078][667]LogModuleManager: Shutting down and abandoning module MacNoEditorTargetPlatform (67)
[2017.06.27-17.17.34:078][667]LogModuleManager: Shutting down and abandoning module MacClientTargetPlatform (65)
[2017.06.27-17.17.34:078][667]LogModuleManager: Shutting down and abandoning module AllDesktopTargetPlatform (63)
[2017.06.27-17.17.34:078][667]LogModuleManager: Shutting down and abandoning module InputCore (60)
[2017.06.27-17.17.34:078][667]LogModuleManager: Shutting down and abandoning module Settings (58)
[2017.06.27-17.17.34:078][667]LogModuleManager: Shutting down and abandoning module OculusRift (56)
[2017.06.27-17.17.34:078][667]LogModuleManager: Shutting down and abandoning module GearVRController (54)
[2017.06.27-17.17.34:078][667]LogModuleManager: Shutting down and abandoning module GearVR (52)
[2017.06.27-17.17.34:078][667]LogModuleManager: Shutting down and abandoning module ExampleDeviceProfileSelector (50)
[2017.06.27-17.17.34:078][667]LogModuleManager: Shutting down and abandoning module OnlineBlueprintSupport (48)
[2017.06.27-17.17.34:078][667]LogModuleManager: Shutting down and abandoning module OnlineSubsystem (44)
[2017.06.27-17.17.34:078][667]LogOnline:Display: Unloading online subsystem: NULL
[2017.06.27-17.17.34:079][667]LogModuleManager: Shutting down and abandoning module XMPP (43)
[2017.06.27-17.17.34:079][667]LogModuleManager: Shutting down and abandoning module HTTP (41)
[2017.06.27-17.17.34:079][667]LogHttp:Display: Http module shutting down, but needs to wait on 1 outstanding Http requests:
[2017.06.27-17.17.34:079][667]LogHttp:Display: 	verb=[POST] url=[https://datarouter.ol.epicgames.com/datarouter/api/v1/public/data?SessionID=%7B244A72AE-486D-0957-9236-C3877340B6A1%7D&AppID=UEEditor.Rocket.Release&AppVersion=4.16.1-3466753%2B%2B%2BUE4%2BRelease-4.16&UserID=edf6c2994ab4ecd663ffe9b5011e8d7c%7C3c08101a9e374f0d9347bd6e22d94a49%7C28748f8c-e7be-4a6f-88d3-5cdf8892930b&AppEnvironment=datacollector-binary&UploadType=eteventstream] status=Processing
[2017.06.27-17.17.34:111][667]LogModuleManager: Shutting down and abandoning module SSL (40)
[2017.06.27-17.17.34:112][667]LogModuleManager: Shutting down and abandoning module HTTPChunkInstaller (36)
[2017.06.27-17.17.34:112][667]LogModuleManager: Shutting down and abandoning module AnimationModifiers (34)
[2017.06.27-17.17.34:112][667]LogModuleManager: Shutting down and abandoning module PropertyEditor (33)
[2017.06.27-17.17.34:112][667]LogModuleManager: Shutting down and abandoning module AudioEditor (30)
[2017.06.27-17.17.34:112][667]LogModuleManager: Shutting down and abandoning module TextureCompressor (28)
[2017.06.27-17.17.34:112][667]LogModuleManager: Shutting down and abandoning module ShaderCore (26)
[2017.06.27-17.17.34:112][667]LogModuleManager: Shutting down and abandoning module Landscape (24)
[2017.06.27-17.17.34:112][667]LogModuleManager: Shutting down and abandoning module SlateRHIRenderer (22)
[2017.06.27-17.17.34:113][667]LogModuleManager: Shutting down and abandoning module OpenGLDrv (20)
[2017.06.27-17.17.34:113][667]LogModuleManager: Shutting down and abandoning module D3D11RHI (18)
[2017.06.27-17.17.34:113][667]LogModuleManager: Shutting down and abandoning module AnimGraphRuntime (16)
[2017.06.27-17.17.34:113][667]LogModuleManager: Shutting down and abandoning module Renderer (14)
[2017.06.27-17.17.34:113][667]LogModuleManager: Shutting down and abandoning module Engine (12)
[2017.06.27-17.17.34:113][667]LogModuleManager: Shutting down and abandoning module CoreUObject (10)
[2017.06.27-17.17.34:113][667]LogModuleManager: Shutting down and abandoning module NetworkFile (8)
[2017.06.27-17.17.34:113][667]LogModuleManager: Shutting down and abandoning module StreamingFile (6)
[2017.06.27-17.17.34:113][667]LogModuleManager: Shutting down and abandoning module SandboxFile (4)
[2017.06.27-17.17.34:113][667]LogModuleManager: Shutting down and abandoning module PakFile (2)
[2017.06.27-17.17.34:114][667]LogExit: Exiting.
[2017.06.27-17.17.34:122][667]Log file closed, 06/27/17 18:17:34
